Started GET "/" for 127.0.0.1 at 2017-08-21 18:21:28 +0900
Processing by Rails::WelcomeController#index as HTML
  Rendering /Users/umeki/.rbenv/versions/2.4.0/lib/ruby/gems/2.4.0/gems/railties-5.1.3/lib/rails/templates/rails/welcome/index.html.erb
  Rendered /Users/umeki/.rbenv/versions/2.4.0/lib/ruby/gems/2.4.0/gems/railties-5.1.3/lib/rails/templates/rails/welcome/index.html.erb (4.4ms)
Completed 200 OK in 28ms (Views: 11.5ms)


Started GET "/" for 127.0.0.1 at 2017-08-22 10:08:33 +0900
  
Mysql2::Error (Can't connect to local MySQL server through socket '/tmp/mysql.sock' (2)):
  
mysql2 (0.4.9) lib/mysql2/client.rb:89:in `connect'
mysql2 (0.4.9) lib/mysql2/client.rb:89:in `initialize'
activerecord (5.1.3) lib/active_record/connection_adapters/mysql2_adapter.rb:21:in `new'
activerecord (5.1.3) lib/active_record/connection_adapters/mysql2_adapter.rb:21:in `mysql2_connection'
activerecord (5.1.3) lib/active_record/connection_adapters/abstract/connection_pool.rb:759:in `new_connection'
activerecord (5.1.3) lib/active_record/connection_adapters/abstract/connection_pool.rb:803:in `checkout_new_connection'
activerecord (5.1.3) lib/active_record/connection_adapters/abstract/connection_pool.rb:782:in `try_to_checkout_new_connection'
activerecord (5.1.3) lib/active_record/connection_adapters/abstract/connection_pool.rb:743:in `acquire_connection'
activerecord (5.1.3) lib/active_record/connection_adapters/abstract/connection_pool.rb:500:in `checkout'
activerecord (5.1.3) lib/active_record/connection_adapters/abstract/connection_pool.rb:374:in `connection'
activerecord (5.1.3) lib/active_record/connection_adapters/abstract/connection_pool.rb:931:in `retrieve_connection'
activerecord (5.1.3) lib/active_record/connection_handling.rb:116:in `retrieve_connection'
activerecord (5.1.3) lib/active_record/connection_handling.rb:88:in `connection'
activerecord (5.1.3) lib/active_record/migration.rb:562:in `connection'
activerecord (5.1.3) lib/active_record/migration.rb:553:in `call'
actionpack (5.1.3) lib/action_dispatch/middleware/callbacks.rb:26:in `block in call'
activesupport (5.1.3) lib/active_support/callbacks.rb:97:in `run_callbacks'
actionpack (5.1.3) lib/action_dispatch/middleware/callbacks.rb:24:in `call'
actionpack (5.1.3) lib/action_dispatch/middleware/executor.rb:12:in `call'
actionpack (5.1.3) lib/action_dispatch/middleware/debug_exceptions.rb:59:in `call'
web-console (3.5.1) lib/web_console/middleware.rb:135:in `call_app'
web-console (3.5.1) lib/web_console/middleware.rb:28:in `block in call'
web-console (3.5.1) lib/web_console/middleware.rb:18:in `catch'
web-console (3.5.1) lib/web_console/middleware.rb:18:in `call'
actionpack (5.1.3) lib/action_dispatch/middleware/show_exceptions.rb:31:in `call'
railties (5.1.3) lib/rails/rack/logger.rb:36:in `call_app'
railties (5.1.3) lib/rails/rack/logger.rb:24:in `block in call'
activesupport (5.1.3) lib/active_support/tagged_logging.rb:69:in `block in tagged'
activesupport (5.1.3) lib/active_support/tagged_logging.rb:26:in `tagged'
activesupport (5.1.3) lib/active_support/tagged_logging.rb:69:in `tagged'
railties (5.1.3) lib/rails/rack/logger.rb:24:in `call'
sprockets-rails (3.2.0) lib/sprockets/rails/quiet_assets.rb:13:in `call'
actionpack (5.1.3) lib/action_dispatch/middleware/remote_ip.rb:79:in `call'
actionpack (5.1.3) lib/action_dispatch/middleware/request_id.rb:25:in `call'
rack (2.0.3) lib/rack/method_override.rb:22:in `call'
rack (2.0.3) lib/rack/runtime.rb:22:in `call'
activesupport (5.1.3) lib/active_support/cache/strategy/local_cache_middleware.rb:27:in `call'
actionpack (5.1.3) lib/action_dispatch/middleware/executor.rb:12:in `call'
actionpack (5.1.3) lib/action_dispatch/middleware/static.rb:125:in `call'
rack (2.0.3) lib/rack/sendfile.rb:111:in `call'
railties (5.1.3) lib/rails/engine.rb:522:in `call'
puma (3.10.0) lib/puma/configuration.rb:225:in `call'
puma (3.10.0) lib/puma/server.rb:605:in `handle_request'
puma (3.10.0) lib/puma/server.rb:437:in `process_client'
puma (3.10.0) lib/puma/server.rb:301:in `block in run'
puma (3.10.0) lib/puma/thread_pool.rb:120:in `block in spawn_thread'
Started GET "/" for 127.0.0.1 at 2017-08-22 10:08:55 +0900
  
ActiveRecord::NoDatabaseError (Unknown database 'sorcery_facebook_login_development'):
  
activerecord (5.1.3) lib/active_record/connection_adapters/mysql2_adapter.rb:25:in `rescue in mysql2_connection'
activerecord (5.1.3) lib/active_record/connection_adapters/mysql2_adapter.rb:12:in `mysql2_connection'
activerecord (5.1.3) lib/active_record/connection_adapters/abstract/connection_pool.rb:759:in `new_connection'
activerecord (5.1.3) lib/active_record/connection_adapters/abstract/connection_pool.rb:803:in `checkout_new_connection'
activerecord (5.1.3) lib/active_record/connection_adapters/abstract/connection_pool.rb:782:in `try_to_checkout_new_connection'
activerecord (5.1.3) lib/active_record/connection_adapters/abstract/connection_pool.rb:743:in `acquire_connection'
activerecord (5.1.3) lib/active_record/connection_adapters/abstract/connection_pool.rb:500:in `checkout'
activerecord (5.1.3) lib/active_record/connection_adapters/abstract/connection_pool.rb:374:in `connection'
activerecord (5.1.3) lib/active_record/connection_adapters/abstract/connection_pool.rb:931:in `retrieve_connection'
activerecord (5.1.3) lib/active_record/connection_handling.rb:116:in `retrieve_connection'
activerecord (5.1.3) lib/active_record/connection_handling.rb:88:in `connection'
activerecord (5.1.3) lib/active_record/migration.rb:562:in `connection'
activerecord (5.1.3) lib/active_record/migration.rb:553:in `call'
actionpack (5.1.3) lib/action_dispatch/middleware/callbacks.rb:26:in `block in call'
activesupport (5.1.3) lib/active_support/callbacks.rb:97:in `run_callbacks'
actionpack (5.1.3) lib/action_dispatch/middleware/callbacks.rb:24:in `call'
actionpack (5.1.3) lib/action_dispatch/middleware/executor.rb:12:in `call'
actionpack (5.1.3) lib/action_dispatch/middleware/debug_exceptions.rb:59:in `call'
web-console (3.5.1) lib/web_console/middleware.rb:135:in `call_app'
web-console (3.5.1) lib/web_console/middleware.rb:28:in `block in call'
web-console (3.5.1) lib/web_console/middleware.rb:18:in `catch'
web-console (3.5.1) lib/web_console/middleware.rb:18:in `call'
actionpack (5.1.3) lib/action_dispatch/middleware/show_exceptions.rb:31:in `call'
railties (5.1.3) lib/rails/rack/logger.rb:36:in `call_app'
railties (5.1.3) lib/rails/rack/logger.rb:24:in `block in call'
activesupport (5.1.3) lib/active_support/tagged_logging.rb:69:in `block in tagged'
activesupport (5.1.3) lib/active_support/tagged_logging.rb:26:in `tagged'
activesupport (5.1.3) lib/active_support/tagged_logging.rb:69:in `tagged'
railties (5.1.3) lib/rails/rack/logger.rb:24:in `call'
sprockets-rails (3.2.0) lib/sprockets/rails/quiet_assets.rb:13:in `call'
actionpack (5.1.3) lib/action_dispatch/middleware/remote_ip.rb:79:in `call'
actionpack (5.1.3) lib/action_dispatch/middleware/request_id.rb:25:in `call'
rack (2.0.3) lib/rack/method_override.rb:22:in `call'
rack (2.0.3) lib/rack/runtime.rb:22:in `call'
activesupport (5.1.3) lib/active_support/cache/strategy/local_cache_middleware.rb:27:in `call'
actionpack (5.1.3) lib/action_dispatch/middleware/executor.rb:12:in `call'
actionpack (5.1.3) lib/action_dispatch/middleware/static.rb:125:in `call'
rack (2.0.3) lib/rack/sendfile.rb:111:in `call'
railties (5.1.3) lib/rails/engine.rb:522:in `call'
puma (3.10.0) lib/puma/configuration.rb:225:in `call'
puma (3.10.0) lib/puma/server.rb:605:in `handle_request'
puma (3.10.0) lib/puma/server.rb:437:in `process_client'
puma (3.10.0) lib/puma/server.rb:301:in `block in run'
puma (3.10.0) lib/puma/thread_pool.rb:120:in `block in spawn_thread'
  [1m[35m (0.3ms)[0m  [1m[35mSET NAMES utf8,  @@SESSION.sql_mode = CONCAT(CONCAT(@@sql_mode, ',STRICT_ALL_TABLES'), ',NO_AUTO_VALUE_ON_ZERO'),  @@SESSION.sql_auto_is_null = 0, @@SESSION.wait_timeout = 2147483[0m
  [1m[35m (34.9ms)[0m  [1m[35mCREATE TABLE `schema_migrations` (`version` varchar(255) NOT NULL PRIMARY KEY) ENGINE=InnoDB[0m
  [1m[35m (18.5ms)[0m  [1m[35mCREATE TABLE `ar_internal_metadata` (`key` varchar(255) NOT NULL PRIMARY KEY, `value` varchar(255), `created_at` datetime NOT NULL, `updated_at` datetime NOT NULL) ENGINE=InnoDB[0m
  [1m[35m (0.2ms)[0m  [1m[34mSELECT GET_LOCK(2564837799999897765, 0)[0m
  [1m[35m (0.2ms)[0m  [1m[34mSELECT `schema_migrations`.`version` FROM `schema_migrations` ORDER BY `schema_migrations`.`version` ASC[0m
Migrating to SorceryCore (20170821092145)
  [1m[35m (13.7ms)[0m  [1m[35mCREATE TABLE `users` (`id` bigint NOT NULL AUTO_INCREMENT PRIMARY KEY, `email` varchar(255) NOT NULL, `created_at` datetime NOT NULL, `updated_at` datetime NOT NULL) ENGINE=InnoDB[0m
  [1m[35m (14.4ms)[0m  [1m[35mCREATE UNIQUE INDEX `index_users_on_email`  ON `users` (`email`) [0m
  [1m[35m (0.2ms)[0m  [1m[35mBEGIN[0m
  [1m[35mSQL (0.3ms)[0m  [1m[32mINSERT INTO `schema_migrations` (`version`) VALUES ('20170821092145')[0m
  [1m[35m (0.4ms)[0m  [1m[35mCOMMIT[0m
Migrating to SorceryExternal (20170821092153)
  [1m[35m (14.6ms)[0m  [1m[35mCREATE TABLE `authentications` (`id` bigint NOT NULL AUTO_INCREMENT PRIMARY KEY, `user_id` int NOT NULL, `provider` varchar(255) NOT NULL, `uid` varchar(255) NOT NULL, `created_at` datetime NOT NULL, `updated_at` datetime NOT NULL) ENGINE=InnoDB[0m
  [1m[35m (14.1ms)[0m  [1m[35mCREATE UNIQUE INDEX `ui_authentications_01`  ON `authentications` (`provider`, `uid`) [0m
  [1m[35m (0.2ms)[0m  [1m[35mBEGIN[0m
  [1m[35mSQL (0.2ms)[0m  [1m[32mINSERT INTO `schema_migrations` (`version`) VALUES ('20170821092153')[0m
  [1m[35m (0.3ms)[0m  [1m[35mCOMMIT[0m
  [1m[36mActiveRecord::InternalMetadata Load (0.2ms)[0m  [1m[34mSELECT  `ar_internal_metadata`.* FROM `ar_internal_metadata` WHERE `ar_internal_metadata`.`key` = 'environment' LIMIT 1[0m
  [1m[35m (0.1ms)[0m  [1m[35mBEGIN[0m
  [1m[35mSQL (0.2ms)[0m  [1m[32mINSERT INTO `ar_internal_metadata` (`key`, `value`, `created_at`, `updated_at`) VALUES ('environment', 'development', '2017-08-22 01:11:17', '2017-08-22 01:11:17')[0m
  [1m[35m (0.3ms)[0m  [1m[35mCOMMIT[0m
  [1m[35m (0.3ms)[0m  [1m[34mSELECT RELEASE_LOCK(2564837799999897765)[0m
  [1m[35m (0.2ms)[0m  [1m[34mSELECT `schema_migrations`.`version` FROM `schema_migrations` ORDER BY `schema_migrations`.`version` ASC[0m
Started GET "/" for 127.0.0.1 at 2017-08-22 10:11:36 +0900
  [1m[35m (0.5ms)[0m  [1m[35mSET NAMES utf8,  @@SESSION.sql_mode = CONCAT(CONCAT(@@sql_mode, ',STRICT_ALL_TABLES'), ',NO_AUTO_VALUE_ON_ZERO'),  @@SESSION.sql_auto_is_null = 0, @@SESSION.wait_timeout = 2147483[0m
  [1m[35m (0.2ms)[0m  [1m[34mSELECT `schema_migrations`.`version` FROM `schema_migrations` ORDER BY `schema_migrations`.`version` ASC[0m
Processing by Rails::WelcomeController#index as HTML
  Rendering /Users/umeki/.rbenv/versions/2.4.0/lib/ruby/gems/2.4.0/gems/railties-5.1.3/lib/rails/templates/rails/welcome/index.html.erb
  Rendered /Users/umeki/.rbenv/versions/2.4.0/lib/ruby/gems/2.4.0/gems/railties-5.1.3/lib/rails/templates/rails/welcome/index.html.erb (3.0ms)
Completed 200 OK in 26ms (Views: 8.9ms | ActiveRecord: 0.0ms)


Started GET "/welcome" for 127.0.0.1 at 2017-08-22 10:11:41 +0900
Processing by WelcomeController#index as HTML
Completed 500 Internal Server Error in 109ms (ActiveRecord: 0.0ms)


  
NameError (undefined local variable or method `login_path' for #<WelcomeController:0x007f83f5f4fd78>
Did you mean?  login_at):
  
app/controllers/application_controller.rb:7:in `not_authenticated'
Started GET "/welcome" for 127.0.0.1 at 2017-08-22 10:16:57 +0900
  [1m[35m (0.3ms)[0m  [1m[35mSET NAMES utf8,  @@SESSION.sql_mode = CONCAT(CONCAT(@@sql_mode, ',STRICT_ALL_TABLES'), ',NO_AUTO_VALUE_ON_ZERO'),  @@SESSION.sql_auto_is_null = 0, @@SESSION.wait_timeout = 2147483[0m
  [1m[35m (0.2ms)[0m  [1m[34mSELECT `schema_migrations`.`version` FROM `schema_migrations` ORDER BY `schema_migrations`.`version` ASC[0m
Processing by WelcomeController#index as HTML
Completed 500 Internal Server Error in 6ms (ActiveRecord: 0.0ms)


  
ActionController::UrlGenerationError (No route matches {:action=>"oauth", :controller=>"oauth"}, missing required keys: [:provider]):
  
app/controllers/application_controller.rb:7:in `not_authenticated'
Started GET "/" for 127.0.0.1 at 2017-08-22 10:28:21 +0900
  [1m[35m (0.3ms)[0m  [1m[35mSET NAMES utf8,  @@SESSION.sql_mode = CONCAT(CONCAT(@@sql_mode, ',STRICT_ALL_TABLES'), ',NO_AUTO_VALUE_ON_ZERO'),  @@SESSION.sql_auto_is_null = 0, @@SESSION.wait_timeout = 2147483[0m
  [1m[35m (0.3ms)[0m  [1m[34mSELECT `schema_migrations`.`version` FROM `schema_migrations` ORDER BY `schema_migrations`.`version` ASC[0m
Processing by TodosController#index as HTML
Completed 500 Internal Server Error in 6ms (ActiveRecord: 0.0ms)


  
ActionController::UrlGenerationError (No route matches {:action=>"oauth", :controller=>"oauths"}, missing required keys: [:provider]):
  
app/controllers/application_controller.rb:7:in `not_authenticated'
Started GET "/" for 127.0.0.1 at 2017-08-22 10:29:42 +0900
  [1m[35m (0.3ms)[0m  [1m[35mSET NAMES utf8,  @@SESSION.sql_mode = CONCAT(CONCAT(@@sql_mode, ',STRICT_ALL_TABLES'), ',NO_AUTO_VALUE_ON_ZERO'),  @@SESSION.sql_auto_is_null = 0, @@SESSION.wait_timeout = 2147483[0m
  [1m[35m (0.2ms)[0m  [1m[34mSELECT `schema_migrations`.`version` FROM `schema_migrations` ORDER BY `schema_migrations`.`version` ASC[0m
Processing by TodosController#index as HTML
Redirected to http://0.0.0.0:3000/
Filter chain halted as :require_login rendered or redirected
Completed 302 Found in 6ms (ActiveRecord: 0.0ms)


Started GET "/" for 127.0.0.1 at 2017-08-22 10:29:42 +0900
Processing by TodosController#index as HTML
Redirected to http://0.0.0.0:3000/
Filter chain halted as :require_login rendered or redirected
Completed 302 Found in 1ms (ActiveRecord: 0.0ms)


Started GET "/" for 127.0.0.1 at 2017-08-22 10:29:42 +0900
Processing by TodosController#index as HTML
Redirected to http://0.0.0.0:3000/
Filter chain halted as :require_login rendered or redirected
Completed 302 Found in 1ms (ActiveRecord: 0.0ms)


Started GET "/" for 127.0.0.1 at 2017-08-22 10:29:42 +0900
Processing by TodosController#index as HTML
Redirected to http://0.0.0.0:3000/
Filter chain halted as :require_login rendered or redirected
Completed 302 Found in 1ms (ActiveRecord: 0.0ms)


Started GET "/" for 127.0.0.1 at 2017-08-22 10:29:42 +0900
Processing by TodosController#index as HTML
Redirected to http://0.0.0.0:3000/
Filter chain halted as :require_login rendered or redirected
Completed 302 Found in 0ms (ActiveRecord: 0.0ms)


Started GET "/" for 127.0.0.1 at 2017-08-22 10:29:42 +0900
Processing by TodosController#index as HTML
Redirected to http://0.0.0.0:3000/
Filter chain halted as :require_login rendered or redirected
Completed 302 Found in 1ms (ActiveRecord: 0.0ms)


Started GET "/" for 127.0.0.1 at 2017-08-22 10:29:42 +0900
Processing by TodosController#index as HTML
Redirected to http://0.0.0.0:3000/
Filter chain halted as :require_login rendered or redirected
Completed 302 Found in 0ms (ActiveRecord: 0.0ms)


Started GET "/" for 127.0.0.1 at 2017-08-22 10:29:42 +0900
Processing by TodosController#index as HTML
Redirected to http://0.0.0.0:3000/
Filter chain halted as :require_login rendered or redirected
Completed 302 Found in 0ms (ActiveRecord: 0.0ms)


Started GET "/" for 127.0.0.1 at 2017-08-22 10:29:42 +0900
Processing by TodosController#index as HTML
Redirected to http://0.0.0.0:3000/
Filter chain halted as :require_login rendered or redirected
Completed 302 Found in 1ms (ActiveRecord: 0.0ms)


Started GET "/" for 127.0.0.1 at 2017-08-22 10:29:42 +0900
Processing by TodosController#index as HTML
Redirected to http://0.0.0.0:3000/
Filter chain halted as :require_login rendered or redirected
Completed 302 Found in 0ms (ActiveRecord: 0.0ms)


Started GET "/" for 127.0.0.1 at 2017-08-22 10:29:42 +0900
Processing by TodosController#index as HTML
Redirected to http://0.0.0.0:3000/
Filter chain halted as :require_login rendered or redirected
Completed 302 Found in 1ms (ActiveRecord: 0.0ms)


Started GET "/" for 127.0.0.1 at 2017-08-22 10:29:42 +0900
Processing by TodosController#index as HTML
Redirected to http://0.0.0.0:3000/
Filter chain halted as :require_login rendered or redirected
Completed 302 Found in 1ms (ActiveRecord: 0.0ms)


Started GET "/" for 127.0.0.1 at 2017-08-22 10:29:42 +0900
Processing by TodosController#index as HTML
Redirected to http://0.0.0.0:3000/
Filter chain halted as :require_login rendered or redirected
Completed 302 Found in 0ms (ActiveRecord: 0.0ms)


Started GET "/" for 127.0.0.1 at 2017-08-22 10:29:42 +0900
Processing by TodosController#index as HTML
Redirected to http://0.0.0.0:3000/
Filter chain halted as :require_login rendered or redirected
Completed 302 Found in 0ms (ActiveRecord: 0.0ms)


Started GET "/" for 127.0.0.1 at 2017-08-22 10:29:42 +0900
Processing by TodosController#index as HTML
Redirected to http://0.0.0.0:3000/
Filter chain halted as :require_login rendered or redirected
Completed 302 Found in 1ms (ActiveRecord: 0.0ms)


Started GET "/" for 127.0.0.1 at 2017-08-22 10:29:42 +0900
Processing by TodosController#index as HTML
Redirected to http://0.0.0.0:3000/
Filter chain halted as :require_login rendered or redirected
Completed 302 Found in 0ms (ActiveRecord: 0.0ms)


Started GET "/" for 127.0.0.1 at 2017-08-22 10:29:42 +0900
Processing by TodosController#index as HTML
Redirected to http://0.0.0.0:3000/
Filter chain halted as :require_login rendered or redirected
Completed 302 Found in 0ms (ActiveRecord: 0.0ms)


Started GET "/" for 127.0.0.1 at 2017-08-22 10:29:42 +0900
Processing by TodosController#index as HTML
Redirected to http://0.0.0.0:3000/
Filter chain halted as :require_login rendered or redirected
Completed 302 Found in 0ms (ActiveRecord: 0.0ms)


Started GET "/" for 127.0.0.1 at 2017-08-22 10:29:42 +0900
Processing by TodosController#index as HTML
Redirected to http://0.0.0.0:3000/
Filter chain halted as :require_login rendered or redirected
Completed 302 Found in 0ms (ActiveRecord: 0.0ms)


Started GET "/" for 127.0.0.1 at 2017-08-22 10:29:42 +0900
Processing by TodosController#index as HTML
Redirected to http://0.0.0.0:3000/
Filter chain halted as :require_login rendered or redirected
Completed 302 Found in 0ms (ActiveRecord: 0.0ms)


Started GET "/" for 127.0.0.1 at 2017-08-22 10:29:42 +0900
Processing by TodosController#index as HTML
Redirected to http://0.0.0.0:3000/
Filter chain halted as :require_login rendered or redirected
Completed 302 Found in 1ms (ActiveRecord: 0.0ms)


Started GET "/" for 127.0.0.1 at 2017-08-22 10:29:42 +0900
Processing by TodosController#index as HTML
Redirected to http://0.0.0.0:3000/
Filter chain halted as :require_login rendered or redirected
Completed 302 Found in 1ms (ActiveRecord: 0.0ms)


Started GET "/" for 127.0.0.1 at 2017-08-22 10:29:42 +0900
Processing by TodosController#index as HTML
Redirected to http://0.0.0.0:3000/
Filter chain halted as :require_login rendered or redirected
Completed 302 Found in 1ms (ActiveRecord: 0.0ms)


Started GET "/" for 127.0.0.1 at 2017-08-22 10:29:42 +0900
Processing by TodosController#index as HTML
Redirected to http://0.0.0.0:3000/
Filter chain halted as :require_login rendered or redirected
Completed 302 Found in 1ms (ActiveRecord: 0.0ms)


Started GET "/" for 127.0.0.1 at 2017-08-22 10:29:42 +0900
Processing by TodosController#index as HTML
Redirected to http://0.0.0.0:3000/
Filter chain halted as :require_login rendered or redirected
Completed 302 Found in 1ms (ActiveRecord: 0.0ms)


Started GET "/" for 127.0.0.1 at 2017-08-22 10:29:42 +0900
Processing by TodosController#index as HTML
Redirected to http://0.0.0.0:3000/
Filter chain halted as :require_login rendered or redirected
Completed 302 Found in 0ms (ActiveRecord: 0.0ms)


Started GET "/" for 127.0.0.1 at 2017-08-22 10:29:42 +0900
Processing by TodosController#index as HTML
Redirected to http://0.0.0.0:3000/
Filter chain halted as :require_login rendered or redirected
Completed 302 Found in 0ms (ActiveRecord: 0.0ms)


Started GET "/" for 127.0.0.1 at 2017-08-22 10:29:42 +0900
Processing by TodosController#index as HTML
Redirected to http://0.0.0.0:3000/
Filter chain halted as :require_login rendered or redirected
Completed 302 Found in 0ms (ActiveRecord: 0.0ms)


Started GET "/" for 127.0.0.1 at 2017-08-22 10:29:42 +0900
Processing by TodosController#index as HTML
Redirected to http://0.0.0.0:3000/
Filter chain halted as :require_login rendered or redirected
Completed 302 Found in 0ms (ActiveRecord: 0.0ms)


Started GET "/" for 127.0.0.1 at 2017-08-22 10:29:42 +0900
Processing by TodosController#index as HTML
Redirected to http://0.0.0.0:3000/
Filter chain halted as :require_login rendered or redirected
Completed 302 Found in 0ms (ActiveRecord: 0.0ms)


Started GET "/" for 127.0.0.1 at 2017-08-22 10:29:42 +0900
Processing by TodosController#index as HTML
Redirected to http://0.0.0.0:3000/
Filter chain halted as :require_login rendered or redirected
Completed 302 Found in 0ms (ActiveRecord: 0.0ms)


Started GET "/" for 127.0.0.1 at 2017-08-22 10:29:42 +0900
Processing by TodosController#index as HTML
Redirected to http://0.0.0.0:3000/
Filter chain halted as :require_login rendered or redirected
Completed 302 Found in 1ms (ActiveRecord: 0.0ms)


Started GET "/" for 127.0.0.1 at 2017-08-22 10:29:42 +0900
Processing by TodosController#index as HTML
Redirected to http://0.0.0.0:3000/
Filter chain halted as :require_login rendered or redirected
Completed 302 Found in 0ms (ActiveRecord: 0.0ms)


Started GET "/" for 127.0.0.1 at 2017-08-22 10:29:42 +0900
Processing by TodosController#index as HTML
Redirected to http://0.0.0.0:3000/
Filter chain halted as :require_login rendered or redirected
Completed 302 Found in 1ms (ActiveRecord: 0.0ms)


Started GET "/" for 127.0.0.1 at 2017-08-22 10:29:42 +0900
Processing by TodosController#index as HTML
Redirected to http://0.0.0.0:3000/
Filter chain halted as :require_login rendered or redirected
Completed 302 Found in 0ms (ActiveRecord: 0.0ms)


Started GET "/" for 127.0.0.1 at 2017-08-22 10:29:42 +0900
Processing by TodosController#index as HTML
Redirected to http://0.0.0.0:3000/
Filter chain halted as :require_login rendered or redirected
Completed 302 Found in 1ms (ActiveRecord: 0.0ms)


Started GET "/" for 127.0.0.1 at 2017-08-22 10:29:42 +0900
Processing by TodosController#index as HTML
Redirected to http://0.0.0.0:3000/
Filter chain halted as :require_login rendered or redirected
Completed 302 Found in 1ms (ActiveRecord: 0.0ms)


Started GET "/" for 127.0.0.1 at 2017-08-22 10:29:42 +0900
Processing by TodosController#index as HTML
Redirected to http://0.0.0.0:3000/
Filter chain halted as :require_login rendered or redirected
Completed 302 Found in 1ms (ActiveRecord: 0.0ms)


Started GET "/" for 127.0.0.1 at 2017-08-22 10:29:42 +0900
Processing by TodosController#index as HTML
Redirected to http://0.0.0.0:3000/
Filter chain halted as :require_login rendered or redirected
Completed 302 Found in 0ms (ActiveRecord: 0.0ms)


Started GET "/" for 127.0.0.1 at 2017-08-22 10:29:42 +0900
Processing by TodosController#index as HTML
Redirected to http://0.0.0.0:3000/
Filter chain halted as :require_login rendered or redirected
Completed 302 Found in 0ms (ActiveRecord: 0.0ms)


Started GET "/" for 127.0.0.1 at 2017-08-22 10:29:42 +0900
Processing by TodosController#index as HTML
Redirected to http://0.0.0.0:3000/
Filter chain halted as :require_login rendered or redirected
Completed 302 Found in 0ms (ActiveRecord: 0.0ms)


Started GET "/" for 127.0.0.1 at 2017-08-22 10:29:42 +0900
Processing by TodosController#index as HTML
Redirected to http://0.0.0.0:3000/
Filter chain halted as :require_login rendered or redirected
Completed 302 Found in 0ms (ActiveRecord: 0.0ms)


Started GET "/" for 127.0.0.1 at 2017-08-22 10:29:48 +0900
Processing by TodosController#index as HTML
Redirected to http://0.0.0.0:3000/
Filter chain halted as :require_login rendered or redirected
Completed 302 Found in 1ms (ActiveRecord: 0.0ms)


Started GET "/" for 127.0.0.1 at 2017-08-22 10:29:48 +0900
Processing by TodosController#index as HTML
Redirected to http://0.0.0.0:3000/
Filter chain halted as :require_login rendered or redirected
Completed 302 Found in 0ms (ActiveRecord: 0.0ms)


Started GET "/" for 127.0.0.1 at 2017-08-22 10:29:48 +0900
Processing by TodosController#index as HTML
Redirected to http://0.0.0.0:3000/
Filter chain halted as :require_login rendered or redirected
Completed 302 Found in 1ms (ActiveRecord: 0.0ms)


Started GET "/" for 127.0.0.1 at 2017-08-22 10:29:48 +0900
Processing by TodosController#index as HTML
Redirected to http://0.0.0.0:3000/
Filter chain halted as :require_login rendered or redirected
Completed 302 Found in 1ms (ActiveRecord: 0.0ms)


Started GET "/" for 127.0.0.1 at 2017-08-22 10:29:48 +0900
Processing by TodosController#index as HTML
Redirected to http://0.0.0.0:3000/
Filter chain halted as :require_login rendered or redirected
Completed 302 Found in 1ms (ActiveRecord: 0.0ms)


Started GET "/" for 127.0.0.1 at 2017-08-22 10:29:48 +0900
Processing by TodosController#index as HTML
Redirected to http://0.0.0.0:3000/
Filter chain halted as :require_login rendered or redirected
Completed 302 Found in 1ms (ActiveRecord: 0.0ms)


Started GET "/" for 127.0.0.1 at 2017-08-22 10:29:48 +0900
Processing by TodosController#index as HTML
Redirected to http://0.0.0.0:3000/
Filter chain halted as :require_login rendered or redirected
Completed 302 Found in 1ms (ActiveRecord: 0.0ms)


Started GET "/" for 127.0.0.1 at 2017-08-22 10:29:48 +0900
Processing by TodosController#index as HTML
Redirected to http://0.0.0.0:3000/
Filter chain halted as :require_login rendered or redirected
Completed 302 Found in 1ms (ActiveRecord: 0.0ms)


Started GET "/" for 127.0.0.1 at 2017-08-22 10:29:48 +0900
Processing by TodosController#index as HTML
Redirected to http://0.0.0.0:3000/
Filter chain halted as :require_login rendered or redirected
Completed 302 Found in 1ms (ActiveRecord: 0.0ms)


Started GET "/" for 127.0.0.1 at 2017-08-22 10:29:48 +0900
Processing by TodosController#index as HTML
Redirected to http://0.0.0.0:3000/
Filter chain halted as :require_login rendered or redirected
Completed 302 Found in 1ms (ActiveRecord: 0.0ms)


Started GET "/" for 127.0.0.1 at 2017-08-22 10:29:48 +0900
Processing by TodosController#index as HTML
Redirected to http://0.0.0.0:3000/
Filter chain halted as :require_login rendered or redirected
Completed 302 Found in 0ms (ActiveRecord: 0.0ms)


Started GET "/" for 127.0.0.1 at 2017-08-22 10:29:48 +0900
Processing by TodosController#index as HTML
Redirected to http://0.0.0.0:3000/
Filter chain halted as :require_login rendered or redirected
Completed 302 Found in 1ms (ActiveRecord: 0.0ms)


Started GET "/" for 127.0.0.1 at 2017-08-22 10:29:48 +0900
Processing by TodosController#index as HTML
Redirected to http://0.0.0.0:3000/
Filter chain halted as :require_login rendered or redirected
Completed 302 Found in 1ms (ActiveRecord: 0.0ms)


Started GET "/" for 127.0.0.1 at 2017-08-22 10:29:48 +0900
Processing by TodosController#index as HTML
Redirected to http://0.0.0.0:3000/
Filter chain halted as :require_login rendered or redirected
Completed 302 Found in 0ms (ActiveRecord: 0.0ms)


Started GET "/" for 127.0.0.1 at 2017-08-22 10:29:48 +0900
Processing by TodosController#index as HTML
Redirected to http://0.0.0.0:3000/
Filter chain halted as :require_login rendered or redirected
Completed 302 Found in 1ms (ActiveRecord: 0.0ms)


Started GET "/" for 127.0.0.1 at 2017-08-22 10:29:48 +0900
Processing by TodosController#index as HTML
Redirected to http://0.0.0.0:3000/
Filter chain halted as :require_login rendered or redirected
Completed 302 Found in 0ms (ActiveRecord: 0.0ms)


Started GET "/" for 127.0.0.1 at 2017-08-22 10:29:48 +0900
Processing by TodosController#index as HTML
Redirected to http://0.0.0.0:3000/
Filter chain halted as :require_login rendered or redirected
Completed 302 Found in 1ms (ActiveRecord: 0.0ms)


Started GET "/" for 127.0.0.1 at 2017-08-22 10:29:48 +0900
Processing by TodosController#index as HTML
Redirected to http://0.0.0.0:3000/
Filter chain halted as :require_login rendered or redirected
Completed 302 Found in 1ms (ActiveRecord: 0.0ms)


Started GET "/" for 127.0.0.1 at 2017-08-22 10:29:48 +0900
Processing by TodosController#index as HTML
Redirected to http://0.0.0.0:3000/
Filter chain halted as :require_login rendered or redirected
Completed 302 Found in 1ms (ActiveRecord: 0.0ms)


Started GET "/" for 127.0.0.1 at 2017-08-22 10:29:48 +0900
Processing by TodosController#index as HTML
Redirected to http://0.0.0.0:3000/
Filter chain halted as :require_login rendered or redirected
Completed 302 Found in 1ms (ActiveRecord: 0.0ms)


Started GET "/" for 127.0.0.1 at 2017-08-22 10:29:48 +0900
Processing by TodosController#index as HTML
Redirected to http://0.0.0.0:3000/
Filter chain halted as :require_login rendered or redirected
Completed 302 Found in 0ms (ActiveRecord: 0.0ms)


Started GET "/" for 127.0.0.1 at 2017-08-22 10:30:11 +0900
  [1m[35m (0.3ms)[0m  [1m[35mSET NAMES utf8,  @@SESSION.sql_mode = CONCAT(CONCAT(@@sql_mode, ',STRICT_ALL_TABLES'), ',NO_AUTO_VALUE_ON_ZERO'),  @@SESSION.sql_auto_is_null = 0, @@SESSION.wait_timeout = 2147483[0m
  [1m[35m (0.2ms)[0m  [1m[34mSELECT `schema_migrations`.`version` FROM `schema_migrations` ORDER BY `schema_migrations`.`version` ASC[0m
Processing by TodosController#index as HTML
Redirected to http://localhost:3000/
Filter chain halted as :require_login rendered or redirected
Completed 302 Found in 6ms (ActiveRecord: 0.0ms)


Started GET "/" for 127.0.0.1 at 2017-08-22 10:30:11 +0900
Processing by TodosController#index as HTML
Redirected to http://localhost:3000/
Filter chain halted as :require_login rendered or redirected
Completed 302 Found in 1ms (ActiveRecord: 0.0ms)


Started GET "/" for 127.0.0.1 at 2017-08-22 10:30:11 +0900
Processing by TodosController#index as HTML
Redirected to http://localhost:3000/
Filter chain halted as :require_login rendered or redirected
Completed 302 Found in 0ms (ActiveRecord: 0.0ms)


Started GET "/" for 127.0.0.1 at 2017-08-22 10:30:11 +0900
Processing by TodosController#index as HTML
Redirected to http://localhost:3000/
Filter chain halted as :require_login rendered or redirected
Completed 302 Found in 1ms (ActiveRecord: 0.0ms)


Started GET "/" for 127.0.0.1 at 2017-08-22 10:30:11 +0900
Processing by TodosController#index as HTML
Redirected to http://localhost:3000/
Filter chain halted as :require_login rendered or redirected
Completed 302 Found in 1ms (ActiveRecord: 0.0ms)


Started GET "/" for 127.0.0.1 at 2017-08-22 10:30:11 +0900
Processing by TodosController#index as HTML
Redirected to http://localhost:3000/
Filter chain halted as :require_login rendered or redirected
Completed 302 Found in 0ms (ActiveRecord: 0.0ms)


Started GET "/" for 127.0.0.1 at 2017-08-22 10:30:11 +0900
Processing by TodosController#index as HTML
Redirected to http://localhost:3000/
Filter chain halted as :require_login rendered or redirected
Completed 302 Found in 0ms (ActiveRecord: 0.0ms)


Started GET "/" for 127.0.0.1 at 2017-08-22 10:30:11 +0900
Processing by TodosController#index as HTML
Redirected to http://localhost:3000/
Filter chain halted as :require_login rendered or redirected
Completed 302 Found in 0ms (ActiveRecord: 0.0ms)


Started GET "/" for 127.0.0.1 at 2017-08-22 10:30:11 +0900
Processing by TodosController#index as HTML
Redirected to http://localhost:3000/
Filter chain halted as :require_login rendered or redirected
Completed 302 Found in 0ms (ActiveRecord: 0.0ms)


Started GET "/" for 127.0.0.1 at 2017-08-22 10:30:11 +0900
Processing by TodosController#index as HTML
Redirected to http://localhost:3000/
Filter chain halted as :require_login rendered or redirected
Completed 302 Found in 1ms (ActiveRecord: 0.0ms)


Started GET "/" for 127.0.0.1 at 2017-08-22 10:30:11 +0900
Processing by TodosController#index as HTML
Redirected to http://localhost:3000/
Filter chain halted as :require_login rendered or redirected
Completed 302 Found in 0ms (ActiveRecord: 0.0ms)


Started GET "/" for 127.0.0.1 at 2017-08-22 10:30:11 +0900
Processing by TodosController#index as HTML
Redirected to http://localhost:3000/
Filter chain halted as :require_login rendered or redirected
Completed 302 Found in 1ms (ActiveRecord: 0.0ms)


Started GET "/" for 127.0.0.1 at 2017-08-22 10:30:11 +0900
Processing by TodosController#index as HTML
Redirected to http://localhost:3000/
Filter chain halted as :require_login rendered or redirected
Completed 302 Found in 1ms (ActiveRecord: 0.0ms)


Started GET "/" for 127.0.0.1 at 2017-08-22 10:30:11 +0900
Processing by TodosController#index as HTML
Redirected to http://localhost:3000/
Filter chain halted as :require_login rendered or redirected
Completed 302 Found in 1ms (ActiveRecord: 0.0ms)


Started GET "/" for 127.0.0.1 at 2017-08-22 10:30:11 +0900
Processing by TodosController#index as HTML
Redirected to http://localhost:3000/
Filter chain halted as :require_login rendered or redirected
Completed 302 Found in 1ms (ActiveRecord: 0.0ms)


Started GET "/" for 127.0.0.1 at 2017-08-22 10:30:11 +0900
Processing by TodosController#index as HTML
Redirected to http://localhost:3000/
Filter chain halted as :require_login rendered or redirected
Completed 302 Found in 1ms (ActiveRecord: 0.0ms)


Started GET "/" for 127.0.0.1 at 2017-08-22 10:30:11 +0900
Processing by TodosController#index as HTML
Redirected to http://localhost:3000/
Filter chain halted as :require_login rendered or redirected
Completed 302 Found in 1ms (ActiveRecord: 0.0ms)


Started GET "/" for 127.0.0.1 at 2017-08-22 10:30:11 +0900
Processing by TodosController#index as HTML
Redirected to http://localhost:3000/
Filter chain halted as :require_login rendered or redirected
Completed 302 Found in 0ms (ActiveRecord: 0.0ms)


Started GET "/" for 127.0.0.1 at 2017-08-22 10:30:11 +0900
Processing by TodosController#index as HTML
Redirected to http://localhost:3000/
Filter chain halted as :require_login rendered or redirected
Completed 302 Found in 0ms (ActiveRecord: 0.0ms)


Started GET "/" for 127.0.0.1 at 2017-08-22 10:30:11 +0900
Processing by TodosController#index as HTML
Redirected to http://localhost:3000/
Filter chain halted as :require_login rendered or redirected
Completed 302 Found in 1ms (ActiveRecord: 0.0ms)


Started GET "/" for 127.0.0.1 at 2017-08-22 10:30:11 +0900
Processing by TodosController#index as HTML
Redirected to http://localhost:3000/
Filter chain halted as :require_login rendered or redirected
Completed 302 Found in 1ms (ActiveRecord: 0.0ms)


Started GET "/" for 127.0.0.1 at 2017-08-22 10:30:11 +0900
Processing by TodosController#index as HTML
Redirected to http://localhost:3000/
Filter chain halted as :require_login rendered or redirected
Completed 302 Found in 1ms (ActiveRecord: 0.0ms)


Started GET "/" for 127.0.0.1 at 2017-08-22 10:30:11 +0900
Processing by TodosController#index as HTML
Redirected to http://localhost:3000/
Filter chain halted as :require_login rendered or redirected
Completed 302 Found in 1ms (ActiveRecord: 0.0ms)


Started GET "/" for 127.0.0.1 at 2017-08-22 10:30:11 +0900
Processing by TodosController#index as HTML
Redirected to http://localhost:3000/
Filter chain halted as :require_login rendered or redirected
Completed 302 Found in 1ms (ActiveRecord: 0.0ms)


Started GET "/" for 127.0.0.1 at 2017-08-22 10:30:11 +0900
Processing by TodosController#index as HTML
Redirected to http://localhost:3000/
Filter chain halted as :require_login rendered or redirected
Completed 302 Found in 0ms (ActiveRecord: 0.0ms)


Started GET "/" for 127.0.0.1 at 2017-08-22 10:30:11 +0900
Processing by TodosController#index as HTML
Redirected to http://localhost:3000/
Filter chain halted as :require_login rendered or redirected
Completed 302 Found in 0ms (ActiveRecord: 0.0ms)


Started GET "/" for 127.0.0.1 at 2017-08-22 10:30:11 +0900
Processing by TodosController#index as HTML
Redirected to http://localhost:3000/
Filter chain halted as :require_login rendered or redirected
Completed 302 Found in 0ms (ActiveRecord: 0.0ms)


Started GET "/" for 127.0.0.1 at 2017-08-22 10:30:11 +0900
Processing by TodosController#index as HTML
Redirected to http://localhost:3000/
Filter chain halted as :require_login rendered or redirected
Completed 302 Found in 0ms (ActiveRecord: 0.0ms)


Started GET "/" for 127.0.0.1 at 2017-08-22 10:30:11 +0900
Processing by TodosController#index as HTML
Redirected to http://localhost:3000/
Filter chain halted as :require_login rendered or redirected
Completed 302 Found in 1ms (ActiveRecord: 0.0ms)


Started GET "/" for 127.0.0.1 at 2017-08-22 10:30:11 +0900
Processing by TodosController#index as HTML
Redirected to http://localhost:3000/
Filter chain halted as :require_login rendered or redirected
Completed 302 Found in 1ms (ActiveRecord: 0.0ms)


Started GET "/" for 127.0.0.1 at 2017-08-22 10:30:11 +0900
Processing by TodosController#index as HTML
Redirected to http://localhost:3000/
Filter chain halted as :require_login rendered or redirected
Completed 302 Found in 0ms (ActiveRecord: 0.0ms)


Started GET "/" for 127.0.0.1 at 2017-08-22 10:30:11 +0900
Processing by TodosController#index as HTML
Redirected to http://localhost:3000/
Filter chain halted as :require_login rendered or redirected
Completed 302 Found in 1ms (ActiveRecord: 0.0ms)


Started GET "/" for 127.0.0.1 at 2017-08-22 10:30:11 +0900
Processing by TodosController#index as HTML
Redirected to http://localhost:3000/
Filter chain halted as :require_login rendered or redirected
Completed 302 Found in 0ms (ActiveRecord: 0.0ms)


Started GET "/" for 127.0.0.1 at 2017-08-22 10:30:11 +0900
Processing by TodosController#index as HTML
Redirected to http://localhost:3000/
Filter chain halted as :require_login rendered or redirected
Completed 302 Found in 0ms (ActiveRecord: 0.0ms)


Started GET "/" for 127.0.0.1 at 2017-08-22 10:30:11 +0900
Processing by TodosController#index as HTML
Redirected to http://localhost:3000/
Filter chain halted as :require_login rendered or redirected
Completed 302 Found in 0ms (ActiveRecord: 0.0ms)


Started GET "/" for 127.0.0.1 at 2017-08-22 10:30:11 +0900
Processing by TodosController#index as HTML
Redirected to http://localhost:3000/
Filter chain halted as :require_login rendered or redirected
Completed 302 Found in 1ms (ActiveRecord: 0.0ms)


Started GET "/" for 127.0.0.1 at 2017-08-22 10:30:11 +0900
Processing by TodosController#index as HTML
Redirected to http://localhost:3000/
Filter chain halted as :require_login rendered or redirected
Completed 302 Found in 1ms (ActiveRecord: 0.0ms)


Started GET "/" for 127.0.0.1 at 2017-08-22 10:30:11 +0900
Processing by TodosController#index as HTML
Redirected to http://localhost:3000/
Filter chain halted as :require_login rendered or redirected
Completed 302 Found in 0ms (ActiveRecord: 0.0ms)


Started GET "/" for 127.0.0.1 at 2017-08-22 10:30:11 +0900
Processing by TodosController#index as HTML
Redirected to http://localhost:3000/
Filter chain halted as :require_login rendered or redirected
Completed 302 Found in 1ms (ActiveRecord: 0.0ms)


Started GET "/" for 127.0.0.1 at 2017-08-22 10:30:11 +0900
Processing by TodosController#index as HTML
Redirected to http://localhost:3000/
Filter chain halted as :require_login rendered or redirected
Completed 302 Found in 0ms (ActiveRecord: 0.0ms)


Started GET "/" for 127.0.0.1 at 2017-08-22 10:30:11 +0900
Processing by TodosController#index as HTML
Redirected to http://localhost:3000/
Filter chain halted as :require_login rendered or redirected
Completed 302 Found in 0ms (ActiveRecord: 0.0ms)


Started GET "/" for 127.0.0.1 at 2017-08-22 10:30:11 +0900
Processing by TodosController#index as HTML
Redirected to http://localhost:3000/
Filter chain halted as :require_login rendered or redirected
Completed 302 Found in 1ms (ActiveRecord: 0.0ms)


Started GET "/" for 127.0.0.1 at 2017-08-22 10:33:23 +0900
  [1m[35m (0.3ms)[0m  [1m[35mSET NAMES utf8,  @@SESSION.sql_mode = CONCAT(CONCAT(@@sql_mode, ',STRICT_ALL_TABLES'), ',NO_AUTO_VALUE_ON_ZERO'),  @@SESSION.sql_auto_is_null = 0, @@SESSION.wait_timeout = 2147483[0m
  [1m[35m (0.2ms)[0m  [1m[34mSELECT `schema_migrations`.`version` FROM `schema_migrations` ORDER BY `schema_migrations`.`version` ASC[0m
Processing by TodosController#index as HTML
Redirected to http://localhost:3000/
Filter chain halted as :require_login rendered or redirected
Completed 302 Found in 6ms (ActiveRecord: 0.0ms)


Started GET "/" for 127.0.0.1 at 2017-08-22 10:33:23 +0900
Processing by TodosController#index as HTML
Redirected to http://localhost:3000/
Filter chain halted as :require_login rendered or redirected
Completed 302 Found in 1ms (ActiveRecord: 0.0ms)


Started GET "/" for 127.0.0.1 at 2017-08-22 10:33:23 +0900
Processing by TodosController#index as HTML
Redirected to http://localhost:3000/
Filter chain halted as :require_login rendered or redirected
Completed 302 Found in 1ms (ActiveRecord: 0.0ms)


Started GET "/" for 127.0.0.1 at 2017-08-22 10:33:23 +0900
Processing by TodosController#index as HTML
Redirected to http://localhost:3000/
Filter chain halted as :require_login rendered or redirected
Completed 302 Found in 0ms (ActiveRecord: 0.0ms)


Started GET "/" for 127.0.0.1 at 2017-08-22 10:33:23 +0900
Processing by TodosController#index as HTML
Redirected to http://localhost:3000/
Filter chain halted as :require_login rendered or redirected
Completed 302 Found in 1ms (ActiveRecord: 0.0ms)


Started GET "/" for 127.0.0.1 at 2017-08-22 10:33:23 +0900
Processing by TodosController#index as HTML
Redirected to http://localhost:3000/
Filter chain halted as :require_login rendered or redirected
Completed 302 Found in 0ms (ActiveRecord: 0.0ms)


Started GET "/" for 127.0.0.1 at 2017-08-22 10:33:23 +0900
Processing by TodosController#index as HTML
Redirected to http://localhost:3000/
Filter chain halted as :require_login rendered or redirected
Completed 302 Found in 0ms (ActiveRecord: 0.0ms)


Started GET "/" for 127.0.0.1 at 2017-08-22 10:33:23 +0900
Processing by TodosController#index as HTML
Redirected to http://localhost:3000/
Filter chain halted as :require_login rendered or redirected
Completed 302 Found in 1ms (ActiveRecord: 0.0ms)


Started GET "/" for 127.0.0.1 at 2017-08-22 10:33:23 +0900
Processing by TodosController#index as HTML
Redirected to http://localhost:3000/
Filter chain halted as :require_login rendered or redirected
Completed 302 Found in 0ms (ActiveRecord: 0.0ms)


Started GET "/" for 127.0.0.1 at 2017-08-22 10:33:23 +0900
Processing by TodosController#index as HTML
Redirected to http://localhost:3000/
Filter chain halted as :require_login rendered or redirected
Completed 302 Found in 0ms (ActiveRecord: 0.0ms)


Started GET "/" for 127.0.0.1 at 2017-08-22 10:33:23 +0900
Processing by TodosController#index as HTML
Redirected to http://localhost:3000/
Filter chain halted as :require_login rendered or redirected
Completed 302 Found in 0ms (ActiveRecord: 0.0ms)


Started GET "/" for 127.0.0.1 at 2017-08-22 10:33:23 +0900
Processing by TodosController#index as HTML
Redirected to http://localhost:3000/
Filter chain halted as :require_login rendered or redirected
Completed 302 Found in 1ms (ActiveRecord: 0.0ms)


Started GET "/" for 127.0.0.1 at 2017-08-22 10:33:23 +0900
Processing by TodosController#index as HTML
Redirected to http://localhost:3000/
Filter chain halted as :require_login rendered or redirected
Completed 302 Found in 0ms (ActiveRecord: 0.0ms)


Started GET "/" for 127.0.0.1 at 2017-08-22 10:33:23 +0900
Processing by TodosController#index as HTML
Redirected to http://localhost:3000/
Filter chain halted as :require_login rendered or redirected
Completed 302 Found in 0ms (ActiveRecord: 0.0ms)


Started GET "/" for 127.0.0.1 at 2017-08-22 10:33:23 +0900
Processing by TodosController#index as HTML
Redirected to http://localhost:3000/
Filter chain halted as :require_login rendered or redirected
Completed 302 Found in 0ms (ActiveRecord: 0.0ms)


Started GET "/" for 127.0.0.1 at 2017-08-22 10:33:23 +0900
Processing by TodosController#index as HTML
Redirected to http://localhost:3000/
Filter chain halted as :require_login rendered or redirected
Completed 302 Found in 1ms (ActiveRecord: 0.0ms)


Started GET "/" for 127.0.0.1 at 2017-08-22 10:33:23 +0900
Processing by TodosController#index as HTML
Redirected to http://localhost:3000/
Filter chain halted as :require_login rendered or redirected
Completed 302 Found in 0ms (ActiveRecord: 0.0ms)


Started GET "/" for 127.0.0.1 at 2017-08-22 10:33:23 +0900
Processing by TodosController#index as HTML
Redirected to http://localhost:3000/
Filter chain halted as :require_login rendered or redirected
Completed 302 Found in 0ms (ActiveRecord: 0.0ms)


Started GET "/" for 127.0.0.1 at 2017-08-22 10:33:23 +0900
Processing by TodosController#index as HTML
Redirected to http://localhost:3000/
Filter chain halted as :require_login rendered or redirected
Completed 302 Found in 0ms (ActiveRecord: 0.0ms)


Started GET "/" for 127.0.0.1 at 2017-08-22 10:33:23 +0900
Processing by TodosController#index as HTML
Redirected to http://localhost:3000/
Filter chain halted as :require_login rendered or redirected
Completed 302 Found in 0ms (ActiveRecord: 0.0ms)


Started GET "/" for 127.0.0.1 at 2017-08-22 10:33:23 +0900
Processing by TodosController#index as HTML
Redirected to http://localhost:3000/
Filter chain halted as :require_login rendered or redirected
Completed 302 Found in 0ms (ActiveRecord: 0.0ms)


Started GET "/" for 127.0.0.1 at 2017-08-22 10:43:35 +0900
  [1m[35m (0.3ms)[0m  [1m[35mSET NAMES utf8,  @@SESSION.sql_mode = CONCAT(CONCAT(@@sql_mode, ',STRICT_ALL_TABLES'), ',NO_AUTO_VALUE_ON_ZERO'),  @@SESSION.sql_auto_is_null = 0, @@SESSION.wait_timeout = 2147483[0m
  [1m[35m (0.2ms)[0m  [1m[34mSELECT `schema_migrations`.`version` FROM `schema_migrations` ORDER BY `schema_migrations`.`version` ASC[0m
Processing by TodosController#index as HTML
Redirected to http://localhost:3000/
Filter chain halted as :require_login rendered or redirected
Completed 302 Found in 6ms (ActiveRecord: 0.0ms)


Started GET "/" for 127.0.0.1 at 2017-08-22 10:43:35 +0900
Processing by TodosController#index as HTML
Redirected to http://localhost:3000/
Filter chain halted as :require_login rendered or redirected
Completed 302 Found in 1ms (ActiveRecord: 0.0ms)


Started GET "/" for 127.0.0.1 at 2017-08-22 10:43:35 +0900
Processing by TodosController#index as HTML
Redirected to http://localhost:3000/
Filter chain halted as :require_login rendered or redirected
Completed 302 Found in 1ms (ActiveRecord: 0.0ms)


Started GET "/" for 127.0.0.1 at 2017-08-22 10:43:35 +0900
Processing by TodosController#index as HTML
Redirected to http://localhost:3000/
Filter chain halted as :require_login rendered or redirected
Completed 302 Found in 1ms (ActiveRecord: 0.0ms)


Started GET "/" for 127.0.0.1 at 2017-08-22 10:43:35 +0900
Processing by TodosController#index as HTML
Redirected to http://localhost:3000/
Filter chain halted as :require_login rendered or redirected
Completed 302 Found in 0ms (ActiveRecord: 0.0ms)


Started GET "/" for 127.0.0.1 at 2017-08-22 10:43:35 +0900
Processing by TodosController#index as HTML
Redirected to http://localhost:3000/
Filter chain halted as :require_login rendered or redirected
Completed 302 Found in 3ms (ActiveRecord: 0.0ms)


Started GET "/" for 127.0.0.1 at 2017-08-22 10:43:35 +0900
Processing by TodosController#index as HTML
Redirected to http://localhost:3000/
Filter chain halted as :require_login rendered or redirected
Completed 302 Found in 1ms (ActiveRecord: 0.0ms)


Started GET "/" for 127.0.0.1 at 2017-08-22 10:43:35 +0900
Processing by TodosController#index as HTML
Redirected to http://localhost:3000/
Filter chain halted as :require_login rendered or redirected
Completed 302 Found in 1ms (ActiveRecord: 0.0ms)


Started GET "/" for 127.0.0.1 at 2017-08-22 10:43:35 +0900
Processing by TodosController#index as HTML
Redirected to http://localhost:3000/
Filter chain halted as :require_login rendered or redirected
Completed 302 Found in 0ms (ActiveRecord: 0.0ms)


Started GET "/" for 127.0.0.1 at 2017-08-22 10:43:35 +0900
Processing by TodosController#index as HTML
Redirected to http://localhost:3000/
Filter chain halted as :require_login rendered or redirected
Completed 302 Found in 1ms (ActiveRecord: 0.0ms)


Started GET "/" for 127.0.0.1 at 2017-08-22 10:43:35 +0900
Processing by TodosController#index as HTML
Redirected to http://localhost:3000/
Filter chain halted as :require_login rendered or redirected
Completed 302 Found in 1ms (ActiveRecord: 0.0ms)


Started GET "/" for 127.0.0.1 at 2017-08-22 10:43:35 +0900
Processing by TodosController#index as HTML
Redirected to http://localhost:3000/
Filter chain halted as :require_login rendered or redirected
Completed 302 Found in 1ms (ActiveRecord: 0.0ms)


Started GET "/" for 127.0.0.1 at 2017-08-22 10:43:35 +0900
Processing by TodosController#index as HTML
Redirected to http://localhost:3000/
Filter chain halted as :require_login rendered or redirected
Completed 302 Found in 1ms (ActiveRecord: 0.0ms)


Started GET "/" for 127.0.0.1 at 2017-08-22 10:43:35 +0900
Processing by TodosController#index as HTML
Redirected to http://localhost:3000/
Filter chain halted as :require_login rendered or redirected
Completed 302 Found in 1ms (ActiveRecord: 0.0ms)


Started GET "/" for 127.0.0.1 at 2017-08-22 10:43:35 +0900
Processing by TodosController#index as HTML
Redirected to http://localhost:3000/
Filter chain halted as :require_login rendered or redirected
Completed 302 Found in 0ms (ActiveRecord: 0.0ms)


Started GET "/" for 127.0.0.1 at 2017-08-22 10:43:35 +0900
Processing by TodosController#index as HTML
Redirected to http://localhost:3000/
Filter chain halted as :require_login rendered or redirected
Completed 302 Found in 1ms (ActiveRecord: 0.0ms)


Started GET "/" for 127.0.0.1 at 2017-08-22 10:43:35 +0900
Processing by TodosController#index as HTML
Redirected to http://localhost:3000/
Filter chain halted as :require_login rendered or redirected
Completed 302 Found in 1ms (ActiveRecord: 0.0ms)


Started GET "/" for 127.0.0.1 at 2017-08-22 10:43:35 +0900
Processing by TodosController#index as HTML
Redirected to http://localhost:3000/
Filter chain halted as :require_login rendered or redirected
Completed 302 Found in 1ms (ActiveRecord: 0.0ms)


Started GET "/" for 127.0.0.1 at 2017-08-22 10:43:35 +0900
Processing by TodosController#index as HTML
Redirected to http://localhost:3000/
Filter chain halted as :require_login rendered or redirected
Completed 302 Found in 1ms (ActiveRecord: 0.0ms)


Started GET "/" for 127.0.0.1 at 2017-08-22 10:43:35 +0900
Processing by TodosController#index as HTML
Redirected to http://localhost:3000/
Filter chain halted as :require_login rendered or redirected
Completed 302 Found in 1ms (ActiveRecord: 0.0ms)


Started GET "/" for 127.0.0.1 at 2017-08-22 10:43:35 +0900
Processing by TodosController#index as HTML
Redirected to http://localhost:3000/
Filter chain halted as :require_login rendered or redirected
Completed 302 Found in 1ms (ActiveRecord: 0.0ms)


Started GET "/" for 127.0.0.1 at 2017-08-22 10:44:18 +0900
  [1m[35m (0.3ms)[0m  [1m[35mSET NAMES utf8,  @@SESSION.sql_mode = CONCAT(CONCAT(@@sql_mode, ',STRICT_ALL_TABLES'), ',NO_AUTO_VALUE_ON_ZERO'),  @@SESSION.sql_auto_is_null = 0, @@SESSION.wait_timeout = 2147483[0m
  [1m[35m (0.2ms)[0m  [1m[34mSELECT `schema_migrations`.`version` FROM `schema_migrations` ORDER BY `schema_migrations`.`version` ASC[0m
Processing by TodosController#index as HTML
Completed 406 Not Acceptable in 59ms (ActiveRecord: 0.0ms)


  
ActionController::UnknownFormat (TodosController#index is missing a template for this request format and variant.

request.formats: ["text/html"]
request.variant: []

NOTE! For XHR/Ajax or API requests, this action would normally respond with 204 No Content: an empty white screen. Since you're loading it in a web browser, we assume that you expected to actually render a template, not nothing, so we're showing an error to be extra-clear. If you expect 204 No Content, carry on. That's what you'll get from an XHR or API request. Give it a shot.):
  
actionpack (5.1.3) lib/action_controller/metal/implicit_render.rb:53:in `default_render'
actionpack (5.1.3) lib/action_controller/metal/basic_implicit_render.rb:4:in `block in send_action'
actionpack (5.1.3) lib/action_controller/metal/basic_implicit_render.rb:4:in `tap'
actionpack (5.1.3) lib/action_controller/metal/basic_implicit_render.rb:4:in `send_action'
actionpack (5.1.3) lib/abstract_controller/base.rb:186:in `process_action'
actionpack (5.1.3) lib/action_controller/metal/rendering.rb:30:in `process_action'
actionpack (5.1.3) lib/abstract_controller/callbacks.rb:20:in `block in process_action'
activesupport (5.1.3) lib/active_support/callbacks.rb:131:in `run_callbacks'
actionpack (5.1.3) lib/abstract_controller/callbacks.rb:19:in `process_action'
actionpack (5.1.3) lib/action_controller/metal/rescue.rb:20:in `process_action'
actionpack (5.1.3) lib/action_controller/metal/instrumentation.rb:32:in `block in process_action'
activesupport (5.1.3) lib/active_support/notifications.rb:166:in `block in instrument'
activesupport (5.1.3) lib/active_support/notifications/instrumenter.rb:21:in `instrument'
activesupport (5.1.3) lib/active_support/notifications.rb:166:in `instrument'
actionpack (5.1.3) lib/action_controller/metal/instrumentation.rb:30:in `process_action'
actionpack (5.1.3) lib/action_controller/metal/params_wrapper.rb:252:in `process_action'
activerecord (5.1.3) lib/active_record/railties/controller_runtime.rb:22:in `process_action'
actionpack (5.1.3) lib/abstract_controller/base.rb:124:in `process'
actionview (5.1.3) lib/action_view/rendering.rb:30:in `process'
actionpack (5.1.3) lib/action_controller/metal.rb:189:in `dispatch'
actionpack (5.1.3) lib/action_controller/metal.rb:253:in `dispatch'
actionpack (5.1.3) lib/action_dispatch/routing/route_set.rb:49:in `dispatch'
actionpack (5.1.3) lib/action_dispatch/routing/route_set.rb:31:in `serve'
actionpack (5.1.3) lib/action_dispatch/journey/router.rb:46:in `block in serve'
actionpack (5.1.3) lib/action_dispatch/journey/router.rb:33:in `each'
actionpack (5.1.3) lib/action_dispatch/journey/router.rb:33:in `serve'
actionpack (5.1.3) lib/action_dispatch/routing/route_set.rb:834:in `call'
rack (2.0.3) lib/rack/etag.rb:25:in `call'
rack (2.0.3) lib/rack/conditional_get.rb:25:in `call'
rack (2.0.3) lib/rack/head.rb:12:in `call'
rack (2.0.3) lib/rack/session/abstract/id.rb:232:in `context'
rack (2.0.3) lib/rack/session/abstract/id.rb:226:in `call'
actionpack (5.1.3) lib/action_dispatch/middleware/cookies.rb:613:in `call'
activerecord (5.1.3) lib/active_record/migration.rb:556:in `call'
actionpack (5.1.3) lib/action_dispatch/middleware/callbacks.rb:26:in `block in call'
activesupport (5.1.3) lib/active_support/callbacks.rb:97:in `run_callbacks'
actionpack (5.1.3) lib/action_dispatch/middleware/callbacks.rb:24:in `call'
actionpack (5.1.3) lib/action_dispatch/middleware/executor.rb:12:in `call'
actionpack (5.1.3) lib/action_dispatch/middleware/debug_exceptions.rb:59:in `call'
web-console (3.5.1) lib/web_console/middleware.rb:135:in `call_app'
web-console (3.5.1) lib/web_console/middleware.rb:28:in `block in call'
web-console (3.5.1) lib/web_console/middleware.rb:18:in `catch'
web-console (3.5.1) lib/web_console/middleware.rb:18:in `call'
actionpack (5.1.3) lib/action_dispatch/middleware/show_exceptions.rb:31:in `call'
railties (5.1.3) lib/rails/rack/logger.rb:36:in `call_app'
railties (5.1.3) lib/rails/rack/logger.rb:24:in `block in call'
activesupport (5.1.3) lib/active_support/tagged_logging.rb:69:in `block in tagged'
activesupport (5.1.3) lib/active_support/tagged_logging.rb:26:in `tagged'
activesupport (5.1.3) lib/active_support/tagged_logging.rb:69:in `tagged'
railties (5.1.3) lib/rails/rack/logger.rb:24:in `call'
sprockets-rails (3.2.0) lib/sprockets/rails/quiet_assets.rb:13:in `call'
actionpack (5.1.3) lib/action_dispatch/middleware/remote_ip.rb:79:in `call'
actionpack (5.1.3) lib/action_dispatch/middleware/request_id.rb:25:in `call'
rack (2.0.3) lib/rack/method_override.rb:22:in `call'
rack (2.0.3) lib/rack/runtime.rb:22:in `call'
activesupport (5.1.3) lib/active_support/cache/strategy/local_cache_middleware.rb:27:in `call'
actionpack (5.1.3) lib/action_dispatch/middleware/executor.rb:12:in `call'
actionpack (5.1.3) lib/action_dispatch/middleware/static.rb:125:in `call'
rack (2.0.3) lib/rack/sendfile.rb:111:in `call'
railties (5.1.3) lib/rails/engine.rb:522:in `call'
puma (3.10.0) lib/puma/configuration.rb:225:in `call'
puma (3.10.0) lib/puma/server.rb:605:in `handle_request'
puma (3.10.0) lib/puma/server.rb:437:in `process_client'
puma (3.10.0) lib/puma/server.rb:301:in `block in run'
puma (3.10.0) lib/puma/thread_pool.rb:120:in `block in spawn_thread'
Started GET "/" for 127.0.0.1 at 2017-08-22 10:44:55 +0900
  [1m[35m (0.3ms)[0m  [1m[35mSET NAMES utf8,  @@SESSION.sql_mode = CONCAT(CONCAT(@@sql_mode, ',STRICT_ALL_TABLES'), ',NO_AUTO_VALUE_ON_ZERO'),  @@SESSION.sql_auto_is_null = 0, @@SESSION.wait_timeout = 2147483[0m
  [1m[35m (0.2ms)[0m  [1m[34mSELECT `schema_migrations`.`version` FROM `schema_migrations` ORDER BY `schema_migrations`.`version` ASC[0m
Processing by TodosController#index as HTML
  Rendering todos/index.html.erb within layouts/application
  Rendered todos/index.html.erb within layouts/application (1.1ms)
Completed 200 OK in 296ms (Views: 288.6ms | ActiveRecord: 0.0ms)


Started GET "/oauth/facebook" for 127.0.0.1 at 2017-08-22 10:44:57 +0900
  
ActionController::RoutingError (undefined method `skip_before_filter' for OauthsController:Class
Did you mean?  skip_before_action):
  
app/controllers/oauths_controller.rb:3:in `<class:OauthsController>'
app/controllers/oauths_controller.rb:2:in `<top (required)>'
Started GET "/oauth/facebook" for 127.0.0.1 at 2017-08-22 10:45:22 +0900
  [1m[35m (0.3ms)[0m  [1m[35mSET NAMES utf8,  @@SESSION.sql_mode = CONCAT(CONCAT(@@sql_mode, ',STRICT_ALL_TABLES'), ',NO_AUTO_VALUE_ON_ZERO'),  @@SESSION.sql_auto_is_null = 0, @@SESSION.wait_timeout = 2147483[0m
  [1m[35m (1.8ms)[0m  [1m[34mSELECT `schema_migrations`.`version` FROM `schema_migrations` ORDER BY `schema_migrations`.`version` ASC[0m
  
ArgumentError (Before process_action callback :require_login has not been defined):
  
app/controllers/oauths_controller.rb:3:in `<class:OauthsController>'
app/controllers/oauths_controller.rb:2:in `<top (required)>'
Started GET "/" for 127.0.0.1 at 2017-08-22 10:45:24 +0900
Processing by TodosController#index as HTML
  Rendering todos/index.html.erb within layouts/application
  Rendered todos/index.html.erb within layouts/application (1.6ms)
Completed 200 OK in 199ms (Views: 189.9ms | ActiveRecord: 0.0ms)


Started GET "/oauth/facebook" for 127.0.0.1 at 2017-08-22 10:45:26 +0900
  
ArgumentError (Before process_action callback :require_login has not been defined):
  
app/controllers/oauths_controller.rb:3:in `<class:OauthsController>'
app/controllers/oauths_controller.rb:2:in `<top (required)>'
Started GET "/" for 127.0.0.1 at 2017-08-22 10:53:25 +0900
  [1m[35m (0.3ms)[0m  [1m[35mSET NAMES utf8,  @@SESSION.sql_mode = CONCAT(CONCAT(@@sql_mode, ',STRICT_ALL_TABLES'), ',NO_AUTO_VALUE_ON_ZERO'),  @@SESSION.sql_auto_is_null = 0, @@SESSION.wait_timeout = 2147483[0m
  [1m[35m (0.2ms)[0m  [1m[34mSELECT `schema_migrations`.`version` FROM `schema_migrations` ORDER BY `schema_migrations`.`version` ASC[0m
Processing by TodosController#index as HTML
  Rendering todos/index.html.erb within layouts/application
  Rendered todos/index.html.erb within layouts/application (1.1ms)
Completed 200 OK in 208ms (Views: 200.4ms | ActiveRecord: 0.0ms)


Started GET "/oauth/facebook" for 127.0.0.1 at 2017-08-22 10:53:27 +0900
Processing by OauthsController#oauth as HTML
  Parameters: {"provider"=>"facebook"}
Redirected to https://www.facebook.com/dialog/oauth?client_id=1744399855812009&display=page&redirect_uri=http%3A%2F%2Flocalhost%3A3000%2Foauth%2Fcallback%3Fprovider%3Dfacebook&response_type=code&scope=public_profile%2Cemail&state
Completed 302 Found in 11ms (ActiveRecord: 0.0ms)


Started GET "/oauth/facebook" for 127.0.0.1 at 2017-08-22 10:53:27 +0900
Processing by OauthsController#oauth as HTML
  Parameters: {"provider"=>"facebook"}
Redirected to https://www.facebook.com/dialog/oauth?client_id=1744399855812009&display=page&redirect_uri=http%3A%2F%2Flocalhost%3A3000%2Foauth%2Fcallback%3Fprovider%3Dfacebook&response_type=code&scope=public_profile%2Cemail&state
Completed 302 Found in 1ms (ActiveRecord: 0.0ms)


Started GET "/" for 127.0.0.1 at 2017-08-22 11:04:37 +0900
  [1m[35m (0.3ms)[0m  [1m[35mSET NAMES utf8,  @@SESSION.sql_mode = CONCAT(CONCAT(@@sql_mode, ',STRICT_ALL_TABLES'), ',NO_AUTO_VALUE_ON_ZERO'),  @@SESSION.sql_auto_is_null = 0, @@SESSION.wait_timeout = 2147483[0m
  [1m[35m (0.2ms)[0m  [1m[34mSELECT `schema_migrations`.`version` FROM `schema_migrations` ORDER BY `schema_migrations`.`version` ASC[0m
Processing by TodosController#index as HTML
  Rendering todos/index.html.erb within layouts/application
  Rendered todos/index.html.erb within layouts/application (1.2ms)
Completed 200 OK in 252ms (Views: 244.8ms | ActiveRecord: 0.0ms)


Started GET "/oauth/facebook" for 127.0.0.1 at 2017-08-22 11:04:39 +0900
Processing by OauthsController#oauth as HTML
  Parameters: {"provider"=>"facebook"}
Redirected to https://www.facebook.com/dialog/oauth?client_id=1744399855812009&display=page&redirect_uri=http%3A%2F%2Flocalhost%3A3000%2Foauth%2Fcallback%3Fprovider%3Dfacebook&response_type=code&scope=public_profile%2Cemail&state
Completed 302 Found in 6ms (ActiveRecord: 0.0ms)


Started GET "/oauth/facebook" for 127.0.0.1 at 2017-08-22 11:04:39 +0900
Processing by OauthsController#oauth as HTML
  Parameters: {"provider"=>"facebook"}
Redirected to https://www.facebook.com/dialog/oauth?client_id=1744399855812009&display=page&redirect_uri=http%3A%2F%2Flocalhost%3A3000%2Foauth%2Fcallback%3Fprovider%3Dfacebook&response_type=code&scope=public_profile%2Cemail&state
Completed 302 Found in 1ms (ActiveRecord: 0.0ms)


Started GET "/" for 127.0.0.1 at 2017-08-22 11:05:24 +0900
  [1m[35m (0.3ms)[0m  [1m[35mSET NAMES utf8,  @@SESSION.sql_mode = CONCAT(CONCAT(@@sql_mode, ',STRICT_ALL_TABLES'), ',NO_AUTO_VALUE_ON_ZERO'),  @@SESSION.sql_auto_is_null = 0, @@SESSION.wait_timeout = 2147483[0m
  [1m[35m (0.2ms)[0m  [1m[34mSELECT `schema_migrations`.`version` FROM `schema_migrations` ORDER BY `schema_migrations`.`version` ASC[0m
Processing by TodosController#index as HTML
  Rendering todos/index.html.erb within layouts/application
  Rendered todos/index.html.erb within layouts/application (1.3ms)
Completed 200 OK in 199ms (Views: 191.1ms | ActiveRecord: 0.0ms)


Started GET "/oauth/facebook" for 127.0.0.1 at 2017-08-22 11:05:26 +0900
Processing by OauthsController#oauth as HTML
  Parameters: {"provider"=>"facebook"}
Redirected to https://www.facebook.com/dialog/oauth?client_id=1744399855812009&display=page&redirect_uri=http%3A%2F%2Flocalhost%3A3000%2Foauth%2Fcallback%3Fprovider%3Dfacebook&response_type=code&scope=public_profile%2Cemail&state
Completed 302 Found in 5ms (ActiveRecord: 0.0ms)


Started GET "/oauth/facebook" for 127.0.0.1 at 2017-08-22 11:05:27 +0900
Processing by OauthsController#oauth as HTML
  Parameters: {"provider"=>"facebook"}
Redirected to https://www.facebook.com/dialog/oauth?client_id=1744399855812009&display=page&redirect_uri=http%3A%2F%2Flocalhost%3A3000%2Foauth%2Fcallback%3Fprovider%3Dfacebook&response_type=code&scope=public_profile%2Cemail&state
Completed 302 Found in 1ms (ActiveRecord: 0.0ms)


Started GET "/oauth/callback?provider=facebook&code=AQDAjskAoZEYLGnBQfgnzP5mejtGlkc28-Kje0eObxhDwF_a16SDRZ-JiBUca1SYFDAdm70V_l-dax-8MJIzrQZHKAMEuDPv0vthBMZQKlPDC6dqFVfXsHVcMKQorZk540ac95Ie1gxmtY03XC0dbIls1g1R4A5EN59oCfGJ-RBS0llDF6o3MQbh3SfO-Wz-wnVN-Hknvpypq8H6OejIZ8wkllJXtV-d9Bz7oUaGlEWFnCjdT1qXSkyCpMTpw4azNBVUDEnnLe3K0NdY4l8Cwp1bhKo3JikurDCdgKOeZXTVl7UJ3wiFqtnfFnfVKi0Z-qSt3yteDqsQlsSAOL-wET4c" for 127.0.0.1 at 2017-08-22 11:05:27 +0900
Processing by OauthsController#callback as HTML
  Parameters: {"provider"=>"facebook", "code"=>"AQDAjskAoZEYLGnBQfgnzP5mejtGlkc28-Kje0eObxhDwF_a16SDRZ-JiBUca1SYFDAdm70V_l-dax-8MJIzrQZHKAMEuDPv0vthBMZQKlPDC6dqFVfXsHVcMKQorZk540ac95Ie1gxmtY03XC0dbIls1g1R4A5EN59oCfGJ-RBS0llDF6o3MQbh3SfO-Wz-wnVN-Hknvpypq8H6OejIZ8wkllJXtV-d9Bz7oUaGlEWFnCjdT1qXSkyCpMTpw4azNBVUDEnnLe3K0NdY4l8Cwp1bhKo3JikurDCdgKOeZXTVl7UJ3wiFqtnfFnfVKi0Z-qSt3yteDqsQlsSAOL-wET4c"}
Completed 500 Internal Server Error in 434ms (ActiveRecord: 0.0ms)


  
ArgumentError (wrong number of arguments (given 0, expected 1)):
  
app/models/user.rb:6:in `<class:User>'
app/models/user.rb:1:in `<top (required)>'
app/controllers/oauths_controller.rb:13:in `callback'
Started GET "/" for 127.0.0.1 at 2017-08-22 11:05:52 +0900
  [1m[35m (0.3ms)[0m  [1m[35mSET NAMES utf8,  @@SESSION.sql_mode = CONCAT(CONCAT(@@sql_mode, ',STRICT_ALL_TABLES'), ',NO_AUTO_VALUE_ON_ZERO'),  @@SESSION.sql_auto_is_null = 0, @@SESSION.wait_timeout = 2147483[0m
  [1m[35m (0.2ms)[0m  [1m[34mSELECT `schema_migrations`.`version` FROM `schema_migrations` ORDER BY `schema_migrations`.`version` ASC[0m
Processing by TodosController#index as HTML
  Rendering todos/index.html.erb within layouts/application
  Rendered todos/index.html.erb within layouts/application (1.3ms)
Completed 200 OK in 215ms (Views: 208.1ms | ActiveRecord: 0.0ms)


Started GET "/oauth/facebook" for 127.0.0.1 at 2017-08-22 11:05:54 +0900
Processing by OauthsController#oauth as HTML
  Parameters: {"provider"=>"facebook"}
Redirected to https://www.facebook.com/dialog/oauth?client_id=1744399855812009&display=page&redirect_uri=http%3A%2F%2Flocalhost%3A3000%2Foauth%2Fcallback%3Fprovider%3Dfacebook&response_type=code&scope=public_profile%2Cemail&state
Completed 302 Found in 5ms (ActiveRecord: 0.0ms)


Started GET "/oauth/facebook" for 127.0.0.1 at 2017-08-22 11:05:54 +0900
Processing by OauthsController#oauth as HTML
  Parameters: {"provider"=>"facebook"}
Redirected to https://www.facebook.com/dialog/oauth?client_id=1744399855812009&display=page&redirect_uri=http%3A%2F%2Flocalhost%3A3000%2Foauth%2Fcallback%3Fprovider%3Dfacebook&response_type=code&scope=public_profile%2Cemail&state
Completed 302 Found in 1ms (ActiveRecord: 0.0ms)


Started GET "/oauth/callback?provider=facebook&code=AQCcZXFFXfxiwSfR6pNNu5vfkjo3ywi6ghJ2BQ0w_v1BboNli0Y2ct4ELrVeYiflNbFy3wXWGENj3haUNjP3Sruw-ShsHm80QcY3OyQd1io7ikvyaQ1KKPQ2Stvf0Tv1s0kvUfWliPYDc3YfZrwrNyai-n9bx_ZhoPlWuilWoRhOqZ1DQkfwlowHSp2F5NJIsWzHTYja2WaX4gbgw0O7UeuVOs6baiVhdeaNI-QyQImU4nVihwASLrHN-IRuTL-Zz9K_RsJAbnfll0_J7ElyDGKL88D6SJKwzuQMPT-kq5KQNfaa_TjHUhOKu3zSJaDMzjP3MrBI2kl383K4SreNtd5A" for 127.0.0.1 at 2017-08-22 11:05:55 +0900
Processing by OauthsController#callback as HTML
  Parameters: {"provider"=>"facebook", "code"=>"AQCcZXFFXfxiwSfR6pNNu5vfkjo3ywi6ghJ2BQ0w_v1BboNli0Y2ct4ELrVeYiflNbFy3wXWGENj3haUNjP3Sruw-ShsHm80QcY3OyQd1io7ikvyaQ1KKPQ2Stvf0Tv1s0kvUfWliPYDc3YfZrwrNyai-n9bx_ZhoPlWuilWoRhOqZ1DQkfwlowHSp2F5NJIsWzHTYja2WaX4gbgw0O7UeuVOs6baiVhdeaNI-QyQImU4nVihwASLrHN-IRuTL-Zz9K_RsJAbnfll0_J7ElyDGKL88D6SJKwzuQMPT-kq5KQNfaa_TjHUhOKu3zSJaDMzjP3MrBI2kl383K4SreNtd5A"}
Completed 500 Internal Server Error in 375ms (ActiveRecord: 0.0ms)


  
ArgumentError (wrong number of arguments (given 0, expected 1)):
  
app/models/user.rb:6:in `<class:User>'
app/models/user.rb:1:in `<top (required)>'
app/controllers/oauths_controller.rb:13:in `callback'
Started GET "/" for 127.0.0.1 at 2017-08-22 11:06:15 +0900
  [1m[35m (0.3ms)[0m  [1m[35mSET NAMES utf8,  @@SESSION.sql_mode = CONCAT(CONCAT(@@sql_mode, ',STRICT_ALL_TABLES'), ',NO_AUTO_VALUE_ON_ZERO'),  @@SESSION.sql_auto_is_null = 0, @@SESSION.wait_timeout = 2147483[0m
  [1m[35m (0.2ms)[0m  [1m[34mSELECT `schema_migrations`.`version` FROM `schema_migrations` ORDER BY `schema_migrations`.`version` ASC[0m
Processing by TodosController#index as HTML
  Rendering todos/index.html.erb within layouts/application
  Rendered todos/index.html.erb within layouts/application (1.6ms)
Completed 200 OK in 218ms (Views: 211.0ms | ActiveRecord: 0.0ms)


Started GET "/oauth/facebook" for 127.0.0.1 at 2017-08-22 11:06:17 +0900
Processing by OauthsController#oauth as HTML
  Parameters: {"provider"=>"facebook"}
Redirected to https://www.facebook.com/dialog/oauth?client_id=1744399855812009&display=page&redirect_uri=http%3A%2F%2Flocalhost%3A3000%2Foauth%2Fcallback%3Fprovider%3Dfacebook&response_type=code&scope=public_profile%2Cemail&state
Completed 302 Found in 5ms (ActiveRecord: 0.0ms)


Started GET "/oauth/facebook" for 127.0.0.1 at 2017-08-22 11:06:17 +0900
Processing by OauthsController#oauth as HTML
  Parameters: {"provider"=>"facebook"}
Redirected to https://www.facebook.com/dialog/oauth?client_id=1744399855812009&display=page&redirect_uri=http%3A%2F%2Flocalhost%3A3000%2Foauth%2Fcallback%3Fprovider%3Dfacebook&response_type=code&scope=public_profile%2Cemail&state
Completed 302 Found in 1ms (ActiveRecord: 0.0ms)


Started GET "/oauth/callback?provider=facebook&code=AQDO6HK2ZFqBFXLNPWOVIZNFSZB8rzGJMhyBVH1pGyS0lfzWGT0VBIQvNACB6q437zNXwXPMFC5c8nFXx7fuRjpzawpqAeSDgU7w67L2lQffsCK9X8drehO8ys7cGb83VQsMHH0_yVshZJWPZmRSRnySHJ7mEOxzQzn4PXIQiaja8GUUinVbksf-k2LQ9N_FOP1-M6OZYW_5gZB2Yurzqz8UfxxNNVqEu0c6FhW6uoodJMYo6E85sQefU541b-VpzIfwfXJ1ofSkR6ubvoRSPSY4xruM_K1-QektqGIWV9OgAnbdWTXD36Dt_drQ51JThFVL4g9nXXzPuEIZbmXh9r8Q" for 127.0.0.1 at 2017-08-22 11:06:17 +0900
Processing by OauthsController#callback as HTML
  Parameters: {"provider"=>"facebook", "code"=>"AQDO6HK2ZFqBFXLNPWOVIZNFSZB8rzGJMhyBVH1pGyS0lfzWGT0VBIQvNACB6q437zNXwXPMFC5c8nFXx7fuRjpzawpqAeSDgU7w67L2lQffsCK9X8drehO8ys7cGb83VQsMHH0_yVshZJWPZmRSRnySHJ7mEOxzQzn4PXIQiaja8GUUinVbksf-k2LQ9N_FOP1-M6OZYW_5gZB2Yurzqz8UfxxNNVqEu0c6FhW6uoodJMYo6E85sQefU541b-VpzIfwfXJ1ofSkR6ubvoRSPSY4xruM_K1-QektqGIWV9OgAnbdWTXD36Dt_drQ51JThFVL4g9nXXzPuEIZbmXh9r8Q"}
Completed 500 Internal Server Error in 475ms (ActiveRecord: 0.0ms)


  
NoMethodError (undefined method `sorcery_adapter' for nil:NilClass):
  
app/controllers/oauths_controller.rb:13:in `callback'
Started GET "/oauth/callback?provider=facebook&code=AQDO6HK2ZFqBFXLNPWOVIZNFSZB8rzGJMhyBVH1pGyS0lfzWGT0VBIQvNACB6q437zNXwXPMFC5c8nFXx7fuRjpzawpqAeSDgU7w67L2lQffsCK9X8drehO8ys7cGb83VQsMHH0_yVshZJWPZmRSRnySHJ7mEOxzQzn4PXIQiaja8GUUinVbksf-k2LQ9N_FOP1-M6OZYW_5gZB2Yurzqz8UfxxNNVqEu0c6FhW6uoodJMYo6E85sQefU541b-VpzIfwfXJ1ofSkR6ubvoRSPSY4xruM_K1-QektqGIWV9OgAnbdWTXD36Dt_drQ51JThFVL4g9nXXzPuEIZbmXh9r8Q" for 127.0.0.1 at 2017-08-22 11:07:13 +0900
  [1m[35m (0.2ms)[0m  [1m[35mSET NAMES utf8,  @@SESSION.sql_mode = CONCAT(CONCAT(@@sql_mode, ',STRICT_ALL_TABLES'), ',NO_AUTO_VALUE_ON_ZERO'),  @@SESSION.sql_auto_is_null = 0, @@SESSION.wait_timeout = 2147483[0m
  [1m[35m (0.2ms)[0m  [1m[34mSELECT `schema_migrations`.`version` FROM `schema_migrations` ORDER BY `schema_migrations`.`version` ASC[0m
Processing by OauthsController#callback as HTML
  Parameters: {"provider"=>"facebook", "code"=>"AQDO6HK2ZFqBFXLNPWOVIZNFSZB8rzGJMhyBVH1pGyS0lfzWGT0VBIQvNACB6q437zNXwXPMFC5c8nFXx7fuRjpzawpqAeSDgU7w67L2lQffsCK9X8drehO8ys7cGb83VQsMHH0_yVshZJWPZmRSRnySHJ7mEOxzQzn4PXIQiaja8GUUinVbksf-k2LQ9N_FOP1-M6OZYW_5gZB2Yurzqz8UfxxNNVqEu0c6FhW6uoodJMYo6E85sQefU541b-VpzIfwfXJ1ofSkR6ubvoRSPSY4xruM_K1-QektqGIWV9OgAnbdWTXD36Dt_drQ51JThFVL4g9nXXzPuEIZbmXh9r8Q"}
Completed 500 Internal Server Error in 6ms (ActiveRecord: 0.0ms)


  
NoMethodError (undefined method `pry' for #<Binding:0x007fd8fe693b68>
Did you mean?  try):
  
app/controllers/oauths_controller.rb:13:in `callback'
Started GET "/" for 127.0.0.1 at 2017-08-22 11:09:27 +0900
  [1m[35m (0.3ms)[0m  [1m[35mSET NAMES utf8,  @@SESSION.sql_mode = CONCAT(CONCAT(@@sql_mode, ',STRICT_ALL_TABLES'), ',NO_AUTO_VALUE_ON_ZERO'),  @@SESSION.sql_auto_is_null = 0, @@SESSION.wait_timeout = 2147483[0m
  [1m[35m (0.2ms)[0m  [1m[34mSELECT `schema_migrations`.`version` FROM `schema_migrations` ORDER BY `schema_migrations`.`version` ASC[0m
Processing by TodosController#index as HTML
  Rendering todos/index.html.erb within layouts/application
  Rendered todos/index.html.erb within layouts/application (1.3ms)
Completed 200 OK in 216ms (Views: 209.4ms | ActiveRecord: 0.0ms)


Started GET "/oauth/facebook" for 127.0.0.1 at 2017-08-22 11:09:28 +0900
Processing by OauthsController#oauth as HTML
  Parameters: {"provider"=>"facebook"}
Redirected to https://www.facebook.com/dialog/oauth?client_id=1744399855812009&display=page&redirect_uri=http%3A%2F%2Flocalhost%3A3000%2Foauth%2Fcallback%3Fprovider%3Dfacebook&response_type=code&scope=public_profile%2Cemail&state
Completed 302 Found in 6ms (ActiveRecord: 0.0ms)


Started GET "/oauth/facebook" for 127.0.0.1 at 2017-08-22 11:09:29 +0900
Processing by OauthsController#oauth as HTML
  Parameters: {"provider"=>"facebook"}
Redirected to https://www.facebook.com/dialog/oauth?client_id=1744399855812009&display=page&redirect_uri=http%3A%2F%2Flocalhost%3A3000%2Foauth%2Fcallback%3Fprovider%3Dfacebook&response_type=code&scope=public_profile%2Cemail&state
Completed 302 Found in 1ms (ActiveRecord: 0.0ms)


Started GET "/oauth/callback?provider=facebook&code=AQB3zgSXA5Lh-EjPvVLsQEMXBWUvHr6rT4wnS1ExuBDU9ZXaPXbzF1q6vprP9KkdhMj3DH2y3J0iqOO2CX_-muFko0i76bFX9g6zQRiUJptpiLc5wv5QR7udPkkgG5OT39bK_PBKXF6jBaxBie__w7oN5lGaYFGIIDyVreNaGl1I_5uIQKAQbThwDuxuAotuVZBXOxbFspghYzo2kCTUStzXosxXkeVBsKrew-DSyILAbX62o6DcL7V7awdV-OYRX2BLGt_M19cblbtx5a84f_Mu5a0z_5ldl5kVyP52y81y3wNLdtSLv86_hYEgdYZcsaFbg1j5ALXpaIK5iEkQ3AjY" for 127.0.0.1 at 2017-08-22 11:09:29 +0900
Processing by OauthsController#callback as HTML
  Parameters: {"provider"=>"facebook", "code"=>"AQB3zgSXA5Lh-EjPvVLsQEMXBWUvHr6rT4wnS1ExuBDU9ZXaPXbzF1q6vprP9KkdhMj3DH2y3J0iqOO2CX_-muFko0i76bFX9g6zQRiUJptpiLc5wv5QR7udPkkgG5OT39bK_PBKXF6jBaxBie__w7oN5lGaYFGIIDyVreNaGl1I_5uIQKAQbThwDuxuAotuVZBXOxbFspghYzo2kCTUStzXosxXkeVBsKrew-DSyILAbX62o6DcL7V7awdV-OYRX2BLGt_M19cblbtx5a84f_Mu5a0z_5ldl5kVyP52y81y3wNLdtSLv86_hYEgdYZcsaFbg1j5ALXpaIK5iEkQ3AjY"}
Completed 500 Internal Server Error in 392ms (ActiveRecord: 0.0ms)


  
NoMethodError (undefined method `sorcery_adapter' for nil:NilClass):
  
app/controllers/oauths_controller.rb:13:in `callback'
Started GET "/" for 127.0.0.1 at 2017-08-22 11:10:04 +0900
  [1m[35m (0.3ms)[0m  [1m[35mSET NAMES utf8,  @@SESSION.sql_mode = CONCAT(CONCAT(@@sql_mode, ',STRICT_ALL_TABLES'), ',NO_AUTO_VALUE_ON_ZERO'),  @@SESSION.sql_auto_is_null = 0, @@SESSION.wait_timeout = 2147483[0m
  [1m[35m (0.2ms)[0m  [1m[34mSELECT `schema_migrations`.`version` FROM `schema_migrations` ORDER BY `schema_migrations`.`version` ASC[0m
Processing by TodosController#index as HTML
  Rendering todos/index.html.erb within layouts/application
  Rendered todos/index.html.erb within layouts/application (1.3ms)
Completed 200 OK in 230ms (Views: 222.8ms | ActiveRecord: 0.0ms)


Started GET "/oauth/facebook" for 127.0.0.1 at 2017-08-22 11:10:05 +0900
Processing by OauthsController#oauth as HTML
  Parameters: {"provider"=>"facebook"}
Redirected to https://www.facebook.com/dialog/oauth?client_id=1744399855812009&display=page&redirect_uri=http%3A%2F%2Flocalhost%3A3000%2Foauth%2Fcallback%3Fprovider%3Dfacebook&response_type=code&scope=public_profile%2Cemail&state
Completed 302 Found in 7ms (ActiveRecord: 0.0ms)


Started GET "/oauth/facebook" for 127.0.0.1 at 2017-08-22 11:10:05 +0900
Processing by OauthsController#oauth as HTML
  Parameters: {"provider"=>"facebook"}
Redirected to https://www.facebook.com/dialog/oauth?client_id=1744399855812009&display=page&redirect_uri=http%3A%2F%2Flocalhost%3A3000%2Foauth%2Fcallback%3Fprovider%3Dfacebook&response_type=code&scope=public_profile%2Cemail&state
Completed 302 Found in 1ms (ActiveRecord: 0.0ms)


Started GET "/oauth/callback?provider=facebook&code=AQBCy8d04hxpBB1Y3g1yUErFB7ME0byJWM7ADmegw_cBx2jEVJ1V49y79zE8n3WiWLcF9hy3DCm3BKoSoh29Q5CVN5-H5DyT6nEWKcYPfFi8ytUZBF5BORJngWRj7Behp6ymBtklQnFjuL831EJs-yz-osuItY18botSAIBlqD58RqmSRWv_z7i-rFSinzpXXgYLKkRTQmH98WcryXFYqwKj0hHM_nPilci8M4ZSNNr6ka8uf6tucIO-K0dQ6mDKjCb3KgeBUo-dpXro51ffTaZzQyqgerXp5eyncvXJK9ATH-Rnurcp52W7Fub6k8ppIX9HBEgUIwXP_O61z4tCfWuz" for 127.0.0.1 at 2017-08-22 11:10:06 +0900
Processing by OauthsController#callback as HTML
  Parameters: {"provider"=>"facebook", "code"=>"AQBCy8d04hxpBB1Y3g1yUErFB7ME0byJWM7ADmegw_cBx2jEVJ1V49y79zE8n3WiWLcF9hy3DCm3BKoSoh29Q5CVN5-H5DyT6nEWKcYPfFi8ytUZBF5BORJngWRj7Behp6ymBtklQnFjuL831EJs-yz-osuItY18botSAIBlqD58RqmSRWv_z7i-rFSinzpXXgYLKkRTQmH98WcryXFYqwKj0hHM_nPilci8M4ZSNNr6ka8uf6tucIO-K0dQ6mDKjCb3KgeBUo-dpXro51ffTaZzQyqgerXp5eyncvXJK9ATH-Rnurcp52W7Fub6k8ppIX9HBEgUIwXP_O61z4tCfWuz"}
Completed 500 Internal Server Error in 5243ms (ActiveRecord: 0.0ms)


  
SystemExit (exit):
  
(pry):2:in `exit'
(pry):2:in `callback'
app/controllers/oauths_controller.rb:13:in `callback'
  [1m[35m (0.3ms)[0m  [1m[35mSET NAMES utf8,  @@SESSION.sql_mode = CONCAT(CONCAT(@@sql_mode, ',STRICT_ALL_TABLES'), ',NO_AUTO_VALUE_ON_ZERO'),  @@SESSION.sql_auto_is_null = 0, @@SESSION.wait_timeout = 2147483[0m
Started GET "/" for 127.0.0.1 at 2017-08-22 11:13:58 +0900
  [1m[35m (0.3ms)[0m  [1m[35mSET NAMES utf8,  @@SESSION.sql_mode = CONCAT(CONCAT(@@sql_mode, ',STRICT_ALL_TABLES'), ',NO_AUTO_VALUE_ON_ZERO'),  @@SESSION.sql_auto_is_null = 0, @@SESSION.wait_timeout = 2147483[0m
  [1m[35m (0.3ms)[0m  [1m[34mSELECT `schema_migrations`.`version` FROM `schema_migrations` ORDER BY `schema_migrations`.`version` ASC[0m
Processing by TodosController#index as HTML
  Rendering todos/index.html.erb within layouts/application
  Rendered todos/index.html.erb within layouts/application (1.3ms)
Completed 200 OK in 193ms (Views: 180.9ms | ActiveRecord: 0.0ms)


Started GET "/oauth/facebook" for 127.0.0.1 at 2017-08-22 11:14:02 +0900
Processing by OauthsController#oauth as HTML
  Parameters: {"provider"=>"facebook"}
Redirected to https://www.facebook.com/dialog/oauth?client_id=1744399855812009&display=page&redirect_uri=http%3A%2F%2Flocalhost%3A3000%2Foauth%2Fcallback%3Fprovider%3Dfacebook&response_type=code&scope=public_profile%2Cemail&state
Completed 302 Found in 6ms (ActiveRecord: 0.0ms)


Started GET "/oauth/facebook" for 127.0.0.1 at 2017-08-22 11:14:03 +0900
Processing by OauthsController#oauth as HTML
  Parameters: {"provider"=>"facebook"}
Redirected to https://www.facebook.com/dialog/oauth?client_id=1744399855812009&display=page&redirect_uri=http%3A%2F%2Flocalhost%3A3000%2Foauth%2Fcallback%3Fprovider%3Dfacebook&response_type=code&scope=public_profile%2Cemail&state
Completed 302 Found in 1ms (ActiveRecord: 0.0ms)


Started GET "/oauth/callback?provider=facebook&code=AQA69AjmrotZjAu4xD8p9HmcmZ2NJxBlXsMDAZOwuQN6ty2dw-ZjauD_p9SYntbR6fKY8wvKA7E8g8OsFyY6WSEiQI4VNAS2iqqrD-l2QJbgB7IMszJYP-g4OHDf5Rvdc_MNuQqZH0sVtZ7puQpT-nY6jYqWVdN4-u8USUcfvOpDvQVK8npzBRFVrI4t2xWoce8zzcilQsqAPg2ceVvxKcLIo7bEWc4kbN7hGyDL3YCgEWPy9lw7agOA9z5ob1uzJQ_gT15qqMZrXINPjj-L9Zjp-VOc0EfO8K3L0HWUiS1DUMlpY9SqAdVlZEimHReUnu_ZEVCZEMmjyGihQu4sZjX4" for 127.0.0.1 at 2017-08-22 11:14:03 +0900
Processing by OauthsController#callback as HTML
  Parameters: {"provider"=>"facebook", "code"=>"AQA69AjmrotZjAu4xD8p9HmcmZ2NJxBlXsMDAZOwuQN6ty2dw-ZjauD_p9SYntbR6fKY8wvKA7E8g8OsFyY6WSEiQI4VNAS2iqqrD-l2QJbgB7IMszJYP-g4OHDf5Rvdc_MNuQqZH0sVtZ7puQpT-nY6jYqWVdN4-u8USUcfvOpDvQVK8npzBRFVrI4t2xWoce8zzcilQsqAPg2ceVvxKcLIo7bEWc4kbN7hGyDL3YCgEWPy9lw7agOA9z5ob1uzJQ_gT15qqMZrXINPjj-L9Zjp-VOc0EfO8K3L0HWUiS1DUMlpY9SqAdVlZEimHReUnu_ZEVCZEMmjyGihQu4sZjX4"}
Completed 500 Internal Server Error in 401ms (ActiveRecord: 0.0ms)


  
NoMethodError (undefined method `sorcery_adapter' for nil:NilClass):
  
app/controllers/oauths_controller.rb:13:in `callback'
Started GET "/" for 127.0.0.1 at 2017-08-22 11:14:28 +0900
Processing by TodosController#index as HTML
  Rendering todos/index.html.erb within layouts/application
  Rendered todos/index.html.erb within layouts/application (0.2ms)
Completed 200 OK in 11ms (Views: 10.1ms | ActiveRecord: 0.0ms)


Started GET "/oauth/facebook" for 127.0.0.1 at 2017-08-22 11:14:30 +0900
Processing by OauthsController#oauth as HTML
  Parameters: {"provider"=>"facebook"}
Redirected to https://www.facebook.com/dialog/oauth?client_id=1744399855812009&display=page&redirect_uri=http%3A%2F%2Flocalhost%3A3000%2Foauth%2Fcallback%3Fprovider%3Dfacebook&response_type=code&scope=public_profile%2Cemail&state
Completed 302 Found in 2ms (ActiveRecord: 0.0ms)


Started GET "/oauth/facebook" for 127.0.0.1 at 2017-08-22 11:14:30 +0900
Processing by OauthsController#oauth as HTML
  Parameters: {"provider"=>"facebook"}
Redirected to https://www.facebook.com/dialog/oauth?client_id=1744399855812009&display=page&redirect_uri=http%3A%2F%2Flocalhost%3A3000%2Foauth%2Fcallback%3Fprovider%3Dfacebook&response_type=code&scope=public_profile%2Cemail&state
Completed 302 Found in 1ms (ActiveRecord: 0.0ms)


Started GET "/oauth/callback?provider=facebook&code=AQBBGGiWXTLIPbgN5sKgsvsT5x0xNS8emdYKx34UmXDXaOZEJFt-QFqgoIuZaEjQ7b9i1NqLMg8iJXWf-ulGdZak3urxshT6yPYa6Zcet3o4A-eZchJMDIrsUEX5RDsgPaDHNF57SxUJavuXWQZ49ESoab5LjUYD0cfIzXl0-sWOe1lTl3rUTwHQH5rhi-nRqPIydsQZywZYw6E8kiIeUyrXKMTpPO2U_ImsG9qga05BQWN-jJ_O1crbgHqBxT0EwoYZc-Yoj2sr07FJr_QlcmpzmqULjr1PTZPSUnVPKqY-FR7m92YraIP3zMMhI7RTv2vKPF5ikChnMLaFdYayPXWl" for 127.0.0.1 at 2017-08-22 11:14:41 +0900
Processing by OauthsController#callback as HTML
  Parameters: {"provider"=>"facebook", "code"=>"AQBBGGiWXTLIPbgN5sKgsvsT5x0xNS8emdYKx34UmXDXaOZEJFt-QFqgoIuZaEjQ7b9i1NqLMg8iJXWf-ulGdZak3urxshT6yPYa6Zcet3o4A-eZchJMDIrsUEX5RDsgPaDHNF57SxUJavuXWQZ49ESoab5LjUYD0cfIzXl0-sWOe1lTl3rUTwHQH5rhi-nRqPIydsQZywZYw6E8kiIeUyrXKMTpPO2U_ImsG9qga05BQWN-jJ_O1crbgHqBxT0EwoYZc-Yoj2sr07FJr_QlcmpzmqULjr1PTZPSUnVPKqY-FR7m92YraIP3zMMhI7RTv2vKPF5ikChnMLaFdYayPXWl"}
Completed 500 Internal Server Error in 354ms (ActiveRecord: 0.0ms)


  
NoMethodError (undefined method `sorcery_adapter' for nil:NilClass):
  
app/controllers/oauths_controller.rb:13:in `callback'
Started GET "/" for 127.0.0.1 at 2017-08-22 16:44:00 +0900
  [1m[35m (0.3ms)[0m  [1m[35mSET NAMES utf8,  @@SESSION.sql_mode = CONCAT(CONCAT(@@sql_mode, ',STRICT_ALL_TABLES'), ',NO_AUTO_VALUE_ON_ZERO'),  @@SESSION.sql_auto_is_null = 0, @@SESSION.wait_timeout = 2147483[0m
  [1m[35m (0.3ms)[0m  [1m[34mSELECT `schema_migrations`.`version` FROM `schema_migrations` ORDER BY `schema_migrations`.`version` ASC[0m
Processing by TodosController#index as HTML
  Rendering todos/index.html.erb within layouts/application
  Rendered todos/index.html.erb within layouts/application (2.0ms)
Completed 200 OK in 263ms (Views: 254.7ms | ActiveRecord: 0.0ms)


Started GET "/oauth/facebook" for 127.0.0.1 at 2017-08-22 16:44:03 +0900
Processing by OauthsController#oauth as HTML
  Parameters: {"provider"=>"facebook"}
Redirected to https://www.facebook.com/dialog/oauth?client_id=1744399855812009&display=page&redirect_uri=http%3A%2F%2Flocalhost%3A3000%2Foauth%2Fcallback%3Fprovider%3Dfacebook&response_type=code&scope=public_profile%2Cemail&state
Completed 302 Found in 12ms (ActiveRecord: 0.0ms)


Started GET "/oauth/facebook" for 127.0.0.1 at 2017-08-22 16:44:03 +0900
Processing by OauthsController#oauth as HTML
  Parameters: {"provider"=>"facebook"}
Redirected to https://www.facebook.com/dialog/oauth?client_id=1744399855812009&display=page&redirect_uri=http%3A%2F%2Flocalhost%3A3000%2Foauth%2Fcallback%3Fprovider%3Dfacebook&response_type=code&scope=public_profile%2Cemail&state
Completed 302 Found in 1ms (ActiveRecord: 0.0ms)


Started GET "/oauth/callback?provider=facebook&code=AQDGK9oo6jzejR4uUoFWuFTcV1FGI-Q7rl8M7s7hQdKaN9H32bGRTkeEQm-tThS9TfmtFevLVbfnAGIlSFH-aFnj3W3a8hGZFBIQ7pv3HsF33DszgenCtgrPOdT4_M_h-XpkCxW3HRelbx2q7wZMZuTWWmBpvCd9OOK07FhSVkH1-0ZO1413EzApVqBtC8YKZtDKUX_U1KNlzMoIJN3gHPetSA1cmsbK-oZCz1m5jgjI5ftkc3Sv8ytlKB2_zbZol2fUJ2u8o-7trEx_r0Dnbl_rY5iuF4PIqXHIcdqgLhFN3iCP6ly-Lx-ozKqMJAQkMJu29sGJ2DHkwfI4eovhcc6L" for 127.0.0.1 at 2017-08-22 16:44:04 +0900
Processing by OauthsController#callback as HTML
  Parameters: {"provider"=>"facebook", "code"=>"AQDGK9oo6jzejR4uUoFWuFTcV1FGI-Q7rl8M7s7hQdKaN9H32bGRTkeEQm-tThS9TfmtFevLVbfnAGIlSFH-aFnj3W3a8hGZFBIQ7pv3HsF33DszgenCtgrPOdT4_M_h-XpkCxW3HRelbx2q7wZMZuTWWmBpvCd9OOK07FhSVkH1-0ZO1413EzApVqBtC8YKZtDKUX_U1KNlzMoIJN3gHPetSA1cmsbK-oZCz1m5jgjI5ftkc3Sv8ytlKB2_zbZol2fUJ2u8o-7trEx_r0Dnbl_rY5iuF4PIqXHIcdqgLhFN3iCP6ly-Lx-ozKqMJAQkMJu29sGJ2DHkwfI4eovhcc6L"}
Completed 500 Internal Server Error in 434ms (ActiveRecord: 0.0ms)


  
NoMethodError (undefined method `sorcery_adapter' for nil:NilClass):
  
app/controllers/oauths_controller.rb:14:in `callback'
Started GET "/" for 127.0.0.1 at 2017-08-22 16:47:09 +0900
  [1m[35m (0.3ms)[0m  [1m[35mSET NAMES utf8,  @@SESSION.sql_mode = CONCAT(CONCAT(@@sql_mode, ',STRICT_ALL_TABLES'), ',NO_AUTO_VALUE_ON_ZERO'),  @@SESSION.sql_auto_is_null = 0, @@SESSION.wait_timeout = 2147483[0m
  [1m[35m (0.3ms)[0m  [1m[34mSELECT `schema_migrations`.`version` FROM `schema_migrations` ORDER BY `schema_migrations`.`version` ASC[0m
Processing by TodosController#index as HTML
  Rendering todos/index.html.erb within layouts/application
  Rendered todos/index.html.erb within layouts/application (1.6ms)
Completed 200 OK in 204ms (Views: 194.2ms | ActiveRecord: 0.0ms)


Started GET "/oauth/facebook" for 127.0.0.1 at 2017-08-22 16:47:10 +0900
Processing by OauthsController#oauth as HTML
  Parameters: {"provider"=>"facebook"}
Redirected to https://www.facebook.com/dialog/oauth?client_id=1744399855812009&display=page&redirect_uri=http%3A%2F%2Flocalhost%3A3000%2Foauth%2Fcallback%3Fprovider%3Dfacebook&response_type=code&scope=public_profile%2Cemail&state
Completed 302 Found in 5ms (ActiveRecord: 0.0ms)


Started GET "/oauth/facebook" for 127.0.0.1 at 2017-08-22 16:47:10 +0900
Processing by OauthsController#oauth as HTML
  Parameters: {"provider"=>"facebook"}
Redirected to https://www.facebook.com/dialog/oauth?client_id=1744399855812009&display=page&redirect_uri=http%3A%2F%2Flocalhost%3A3000%2Foauth%2Fcallback%3Fprovider%3Dfacebook&response_type=code&scope=public_profile%2Cemail&state
Completed 302 Found in 1ms (ActiveRecord: 0.0ms)


Started GET "/oauth/callback?provider=facebook&code=AQCIeWUdCicytlJwU41EQwxM_feLCrgoXZJUa-DS-OW0yoo4pgBkYrE3m5D9frFSiELhTUzR75gLBwprxzNZn4C0OfdOW1uKMfR-AZ9whA7eHB3-d9Hc9w3RBSiqLDpwbxIst6ubMjlU3siYEcLUkaR0duaa_FxD6Zj9Lppw3j9_VFJS4qOkYeuqI8vMrim0kWp-mrtrcvnaNUY_Dn3EiDvnrLaFmnBiSokQwxepgK4KS98wqN0Bn0fDC5uIWruXHkpQn5_a3jlth2ZMhwN4sJsxG_Z_xPeENAlpki4zYYPmqvPmzd26AWbhoZuhGvJ2s0tAkA1RE2qi4IdonuVxkhqj" for 127.0.0.1 at 2017-08-22 16:47:10 +0900
Processing by OauthsController#callback as HTML
  Parameters: {"provider"=>"facebook", "code"=>"AQCIeWUdCicytlJwU41EQwxM_feLCrgoXZJUa-DS-OW0yoo4pgBkYrE3m5D9frFSiELhTUzR75gLBwprxzNZn4C0OfdOW1uKMfR-AZ9whA7eHB3-d9Hc9w3RBSiqLDpwbxIst6ubMjlU3siYEcLUkaR0duaa_FxD6Zj9Lppw3j9_VFJS4qOkYeuqI8vMrim0kWp-mrtrcvnaNUY_Dn3EiDvnrLaFmnBiSokQwxepgK4KS98wqN0Bn0fDC5uIWruXHkpQn5_a3jlth2ZMhwN4sJsxG_Z_xPeENAlpki4zYYPmqvPmzd26AWbhoZuhGvJ2s0tAkA1RE2qi4IdonuVxkhqj"}
Completed 500 Internal Server Error in 602ms (ActiveRecord: 0.0ms)


  
NoMethodError (undefined method `sorcery_adapter' for nil:NilClass):
  
app/controllers/oauths_controller.rb:14:in `callback'
Started GET "/" for 127.0.0.1 at 2017-08-22 16:48:24 +0900
Processing by TodosController#index as HTML
  Rendering todos/index.html.erb within layouts/application
  Rendered todos/index.html.erb within layouts/application (0.4ms)
Completed 200 OK in 15ms (Views: 13.2ms | ActiveRecord: 0.0ms)


Started GET "/oauth/facebook" for 127.0.0.1 at 2017-08-22 16:48:26 +0900
Processing by OauthsController#oauth as HTML
  Parameters: {"provider"=>"facebook"}
Redirected to https://www.facebook.com/dialog/oauth?client_id=1744399855812009&display=page&redirect_uri=http%3A%2F%2Flocalhost%3A3000%2Foauth%2Fcallback%3Fprovider%3Dfacebook&response_type=code&scope=public_profile%2Cemail&state
Completed 302 Found in 1ms (ActiveRecord: 0.0ms)


Started GET "/oauth/facebook" for 127.0.0.1 at 2017-08-22 16:48:26 +0900
Processing by OauthsController#oauth as HTML
  Parameters: {"provider"=>"facebook"}
Redirected to https://www.facebook.com/dialog/oauth?client_id=1744399855812009&display=page&redirect_uri=http%3A%2F%2Flocalhost%3A3000%2Foauth%2Fcallback%3Fprovider%3Dfacebook&response_type=code&scope=public_profile%2Cemail&state
Completed 302 Found in 1ms (ActiveRecord: 0.0ms)


Started GET "/oauth/callback?provider=facebook&code=AQC0rXAGM_5St_SoyHo0Jc36xRuLoUvrwUakpT0d7i8KTUC2IHd5kIr0bqnOe9PMvW88AUhSmw3IZvsI5ZnZBWG-RHt2X4n76QwL-RP85ACJFQ_rzBElrp2kQNRsaD4uknaGu_QWWQ10yQTNRN4uamNlETRc3ESQp0cXkEqF641wmpk8YQw3LDQ8AcKUjW97keBo2T1u16VME_0Y_osMs1XGkH7a1uGDZUkVd2Hf-buv31xqaVqWtD0XONC8ijesQeW1-VmJLZLWMwn4UcBddn8bpC4wARDm67FovAv6hL6_nrOw0OPNaCZQauMVtRODA1pxQov4EDYvcOPY8kMRPgNj" for 127.0.0.1 at 2017-08-22 16:49:57 +0900
Processing by OauthsController#callback as HTML
  Parameters: {"provider"=>"facebook", "code"=>"AQC0rXAGM_5St_SoyHo0Jc36xRuLoUvrwUakpT0d7i8KTUC2IHd5kIr0bqnOe9PMvW88AUhSmw3IZvsI5ZnZBWG-RHt2X4n76QwL-RP85ACJFQ_rzBElrp2kQNRsaD4uknaGu_QWWQ10yQTNRN4uamNlETRc3ESQp0cXkEqF641wmpk8YQw3LDQ8AcKUjW97keBo2T1u16VME_0Y_osMs1XGkH7a1uGDZUkVd2Hf-buv31xqaVqWtD0XONC8ijesQeW1-VmJLZLWMwn4UcBddn8bpC4wARDm67FovAv6hL6_nrOw0OPNaCZQauMVtRODA1pxQov4EDYvcOPY8kMRPgNj"}
Completed 500 Internal Server Error in 618ms (ActiveRecord: 0.0ms)


  
NoMethodError (undefined method `sorcery_adapter' for nil:NilClass):
  
app/controllers/oauths_controller.rb:14:in `callback'
